/home/users/sajagbe2/.local/lib/python3.11/site-packages/pyscf/dft/libxc.py:511: UserWarning: Since PySCF-2.3, B3LYP (and B3P86) are changed to the VWN-RPA variant, corresponding to the original definition by Stephens et al. (issue 1480) and the same as the B3LYP functional in Gaussian. To restore the VWN5 definition, you can put the setting "B3LYP_WITH_VWN5 = True" in pyscf_conf.py
  warnings.warn('Since PySCF-2.3, B3LYP (and B3P86) are changed to the VWN-RPA variant, '
/home/users/sajagbe2/.local/lib/python3.11/site-packages/ray/_private/worker.py:2052: FutureWarning: Tip: In future versions of Ray, Ray will no longer override accelerator visible devices env var if num_gpus=0 or num_gpus=None (default). To enable this behavior and turn off this error message, set RAY_ACCEL_ENV_VAR_OVERRIDE_ON_ZERO=0
  warnings.warn(
[36m(calculate_point_effect_gpu pid=1861854)[0m /home/users/sajagbe2/.local/lib/python3.11/site-packages/pyscf/dft/libxc.py:511: UserWarning: Since PySCF-2.3, B3LYP (and B3P86) are changed to the VWN-RPA variant, corresponding to the original definition by Stephens et al. (issue 1480) and the same as the B3LYP functional in Gaussian. To restore the VWN5 definition, you can put the setting "B3LYP_WITH_VWN5 = True" in pyscf_conf.py
[36m(calculate_point_effect_gpu pid=1861854)[0m   warnings.warn('Since PySCF-2.3, B3LYP (and B3P86) are changed to the VWN-RPA variant, '
[36m(calculate_point_effect_gpu pid=1861854)[0m Overwritten attributes  get_hcore energy_nuc  of <class 'gpu4pyscf.dft.rks.RKS'>
[36m(calculate_point_effect_gpu pid=1861854)[0m <class 'gpu4pyscf.dft.rks.RKS'> does not have attributes  basis charge spin
[36m(calculate_point_effect_gpu pid=1861846)[0m /home/users/sajagbe2/.local/lib/python3.11/site-packages/pyscf/dft/libxc.py:511: UserWarning: Since PySCF-2.3, B3LYP (and B3P86) are changed to the VWN-RPA variant, corresponding to the original definition by Stephens et al. (issue 1480) and the same as the B3LYP functional in Gaussian. To restore the VWN5 definition, you can put the setting "B3LYP_WITH_VWN5 = True" in pyscf_conf.py[32m [repeated 2x across cluster][0m
[36m(calculate_point_effect_gpu pid=1861846)[0m   warnings.warn('Since PySCF-2.3, B3LYP (and B3P86) are changed to the VWN-RPA variant, '[32m [repeated 2x across cluster][0m
[36m(calculate_point_effect_gpu pid=1861850)[0m Overwritten attributes  get_hcore energy_nuc  of <class 'gpu4pyscf.dft.rks.RKS'>
[36m(calculate_point_effect_gpu pid=1861850)[0m <class 'gpu4pyscf.dft.rks.RKS'> does not have attributes  basis charge spin
[36m(calculate_point_effect_gpu pid=1861846)[0m Overwritten attributes  energy_nuc get_hcore  of <class 'gpu4pyscf.dft.rks.RKS'>
[36m(calculate_point_effect_gpu pid=1861846)[0m <class 'gpu4pyscf.dft.rks.RKS'> does not have attributes  spin basis charge
[36m(calculate_point_effect_gpu pid=1861852)[0m /home/users/sajagbe2/.local/lib/python3.11/site-packages/pyscf/dft/libxc.py:511: UserWarning: Since PySCF-2.3, B3LYP (and B3P86) are changed to the VWN-RPA variant, corresponding to the original definition by Stephens et al. (issue 1480) and the same as the B3LYP functional in Gaussian. To restore the VWN5 definition, you can put the setting "B3LYP_WITH_VWN5 = True" in pyscf_conf.py
[36m(calculate_point_effect_gpu pid=1861852)[0m   warnings.warn('Since PySCF-2.3, B3LYP (and B3P86) are changed to the VWN-RPA variant, '
[36m(calculate_point_effect_gpu pid=1861852)[0m Overwritten attributes  energy_nuc get_hcore  of <class 'gpu4pyscf.dft.rks.RKS'>
[36m(calculate_point_effect_gpu pid=1861852)[0m <class 'gpu4pyscf.dft.rks.RKS'> does not have attributes  spin charge basis
[36m(calculate_point_effect_gpu pid=1861849)[0m /home/users/sajagbe2/.local/lib/python3.11/site-packages/pyscf/dft/libxc.py:511: UserWarning: Since PySCF-2.3, B3LYP (and B3P86) are changed to the VWN-RPA variant, corresponding to the original definition by Stephens et al. (issue 1480) and the same as the B3LYP functional in Gaussian. To restore the VWN5 definition, you can put the setting "B3LYP_WITH_VWN5 = True" in pyscf_conf.py
[36m(calculate_point_effect_gpu pid=1861849)[0m   warnings.warn('Since PySCF-2.3, B3LYP (and B3P86) are changed to the VWN-RPA variant, '
[36m(calculate_point_effect_gpu pid=1861849)[0m Overwritten attributes  energy_nuc get_hcore  of <class 'gpu4pyscf.dft.rks.RKS'>
[36m(calculate_point_effect_gpu pid=1861849)[0m <class 'gpu4pyscf.dft.rks.RKS'> does not have attributes  spin charge basis
[36m(calculate_point_effect_gpu pid=1861847)[0m /home/users/sajagbe2/.local/lib/python3.11/site-packages/pyscf/dft/libxc.py:511: UserWarning: Since PySCF-2.3, B3LYP (and B3P86) are changed to the VWN-RPA variant, corresponding to the original definition by Stephens et al. (issue 1480) and the same as the B3LYP functional in Gaussian. To restore the VWN5 definition, you can put the setting "B3LYP_WITH_VWN5 = True" in pyscf_conf.py
[36m(calculate_point_effect_gpu pid=1861847)[0m   warnings.warn('Since PySCF-2.3, B3LYP (and B3P86) are changed to the VWN-RPA variant, '
[36m(calculate_point_effect_gpu pid=1861847)[0m Overwritten attributes  get_hcore energy_nuc  of <class 'gpu4pyscf.dft.rks.RKS'>
[36m(calculate_point_effect_gpu pid=1861847)[0m <class 'gpu4pyscf.dft.rks.RKS'> does not have attributes  charge basis spin
[36m(calculate_point_effect_gpu pid=1861856)[0m /home/users/sajagbe2/.local/lib/python3.11/site-packages/pyscf/dft/libxc.py:511: UserWarning: Since PySCF-2.3, B3LYP (and B3P86) are changed to the VWN-RPA variant, corresponding to the original definition by Stephens et al. (issue 1480) and the same as the B3LYP functional in Gaussian. To restore the VWN5 definition, you can put the setting "B3LYP_WITH_VWN5 = True" in pyscf_conf.py
[36m(calculate_point_effect_gpu pid=1861856)[0m   warnings.warn('Since PySCF-2.3, B3LYP (and B3P86) are changed to the VWN-RPA variant, '
[36m(calculate_point_effect_gpu pid=1861856)[0m Overwritten attributes  energy_nuc get_hcore  of <class 'gpu4pyscf.dft.rks.RKS'>
[36m(calculate_point_effect_gpu pid=1861856)[0m <class 'gpu4pyscf.dft.rks.RKS'> does not have attributes  basis spin charge
[36m(calculate_point_effect_gpu pid=1861855)[0m /home/users/sajagbe2/.local/lib/python3.11/site-packages/pyscf/dft/libxc.py:511: UserWarning: Since PySCF-2.3, B3LYP (and B3P86) are changed to the VWN-RPA variant, corresponding to the original definition by Stephens et al. (issue 1480) and the same as the B3LYP functional in Gaussian. To restore the VWN5 definition, you can put the setting "B3LYP_WITH_VWN5 = True" in pyscf_conf.py[32m [repeated 2x across cluster][0m
[36m(calculate_point_effect_gpu pid=1861855)[0m   warnings.warn('Since PySCF-2.3, B3LYP (and B3P86) are changed to the VWN-RPA variant, '[32m [repeated 2x across cluster][0m
[36m(calculate_point_effect_gpu pid=1861855)[0m Overwritten attributes  get_hcore energy_nuc  of <class 'gpu4pyscf.dft.rks.RKS'>
[36m(calculate_point_effect_gpu pid=1861855)[0m <class 'gpu4pyscf.dft.rks.RKS'> does not have attributes  spin basis charge
[36m(calculate_point_effect_gpu pid=1861851)[0m Overwritten attributes  energy_nuc get_hcore  of <class 'gpu4pyscf.dft.rks.RKS'>
[36m(calculate_point_effect_gpu pid=1861851)[0m <class 'gpu4pyscf.dft.rks.RKS'> does not have attributes  basis spin charge
[36m(calculate_point_effect_gpu pid=1861853)[0m /home/users/sajagbe2/.local/lib/python3.11/site-packages/pyscf/dft/libxc.py:511: UserWarning: Since PySCF-2.3, B3LYP (and B3P86) are changed to the VWN-RPA variant, corresponding to the original definition by Stephens et al. (issue 1480) and the same as the B3LYP functional in Gaussian. To restore the VWN5 definition, you can put the setting "B3LYP_WITH_VWN5 = True" in pyscf_conf.py
[36m(calculate_point_effect_gpu pid=1861853)[0m   warnings.warn('Since PySCF-2.3, B3LYP (and B3P86) are changed to the VWN-RPA variant, '
[36m(calculate_point_effect_gpu pid=1861865)[0m /home/users/sajagbe2/.local/lib/python3.11/site-packages/pyscf/dft/libxc.py:511: UserWarning: Since PySCF-2.3, B3LYP (and B3P86) are changed to the VWN-RPA variant, corresponding to the original definition by Stephens et al. (issue 1480) and the same as the B3LYP functional in Gaussian. To restore the VWN5 definition, you can put the setting "B3LYP_WITH_VWN5 = True" in pyscf_conf.py
[36m(calculate_point_effect_gpu pid=1861865)[0m   warnings.warn('Since PySCF-2.3, B3LYP (and B3P86) are changed to the VWN-RPA variant, '
[36m(calculate_point_effect_gpu pid=1861853)[0m Overwritten attributes  get_hcore energy_nuc  of <class 'gpu4pyscf.dft.rks.RKS'>
[36m(calculate_point_effect_gpu pid=1861853)[0m <class 'gpu4pyscf.dft.rks.RKS'> does not have attributes  charge basis spin
[36m(calculate_point_effect_gpu pid=1861865)[0m <class 'gpu4pyscf.dft.rks.RKS'> does not have attributes  charge spin basis
[36m(calculate_point_effect_gpu pid=1861863)[0m <class 'gpu4pyscf.dft.rks.RKS'> does not have attributes  basis spin charge
[36m(calculate_point_effect_gpu pid=1861863)[0m /home/users/sajagbe2/.local/lib/python3.11/site-packages/pyscf/dft/libxc.py:511: UserWarning: Since PySCF-2.3, B3LYP (and B3P86) are changed to the VWN-RPA variant, corresponding to the original definition by Stephens et al. (issue 1480) and the same as the B3LYP functional in Gaussian. To restore the VWN5 definition, you can put the setting "B3LYP_WITH_VWN5 = True" in pyscf_conf.py
[36m(calculate_point_effect_gpu pid=1861863)[0m   warnings.warn('Since PySCF-2.3, B3LYP (and B3P86) are changed to the VWN-RPA variant, '
[36m(calculate_point_effect_gpu pid=1861863)[0m Overwritten attributes  get_hcore energy_nuc  of <class 'gpu4pyscf.dft.rks.RKS'>[32m [repeated 2x across cluster][0m
[36m(calculate_point_effect_gpu pid=1861876)[0m /home/users/sajagbe2/.local/lib/python3.11/site-packages/pyscf/dft/libxc.py:511: UserWarning: Since PySCF-2.3, B3LYP (and B3P86) are changed to the VWN-RPA variant, corresponding to the original definition by Stephens et al. (issue 1480) and the same as the B3LYP functional in Gaussian. To restore the VWN5 definition, you can put the setting "B3LYP_WITH_VWN5 = True" in pyscf_conf.py
[36m(calculate_point_effect_gpu pid=1861876)[0m   warnings.warn('Since PySCF-2.3, B3LYP (and B3P86) are changed to the VWN-RPA variant, '
[36m(calculate_point_effect_gpu pid=1861876)[0m Overwritten attributes  energy_nuc get_hcore  of <class 'gpu4pyscf.dft.rks.RKS'>
[36m(calculate_point_effect_gpu pid=1861876)[0m <class 'gpu4pyscf.dft.rks.RKS'> does not have attributes  spin charge basis
[36m(calculate_point_effect_gpu pid=1861848)[0m <class 'gpu4pyscf.dft.rks.RKS'> does not have attributes  spin basis charge
[36m(calculate_point_effect_gpu pid=1861864)[0m /home/users/sajagbe2/.local/lib/python3.11/site-packages/pyscf/dft/libxc.py:511: UserWarning: Since PySCF-2.3, B3LYP (and B3P86) are changed to the VWN-RPA variant, corresponding to the original definition by Stephens et al. (issue 1480) and the same as the B3LYP functional in Gaussian. To restore the VWN5 definition, you can put the setting "B3LYP_WITH_VWN5 = True" in pyscf_conf.py[32m [repeated 2x across cluster][0m
[36m(calculate_point_effect_gpu pid=1861864)[0m   warnings.warn('Since PySCF-2.3, B3LYP (and B3P86) are changed to the VWN-RPA variant, '[32m [repeated 2x across cluster][0m
[36m(calculate_point_effect_gpu pid=1861864)[0m Overwritten attributes  get_hcore energy_nuc  of <class 'gpu4pyscf.dft.rks.RKS'>
[36m(calculate_point_effect_gpu pid=1861848)[0m Overwritten attributes  energy_nuc get_hcore  of <class 'gpu4pyscf.dft.rks.RKS'>
[36m(calculate_point_effect_gpu pid=1861864)[0m <class 'gpu4pyscf.dft.rks.RKS'> does not have attributes  spin basis charge
[36m(calculate_point_effect_gpu pid=1861879)[0m /home/users/sajagbe2/.local/lib/python3.11/site-packages/pyscf/dft/libxc.py:511: UserWarning: Since PySCF-2.3, B3LYP (and B3P86) are changed to the VWN-RPA variant, corresponding to the original definition by Stephens et al. (issue 1480) and the same as the B3LYP functional in Gaussian. To restore the VWN5 definition, you can put the setting "B3LYP_WITH_VWN5 = True" in pyscf_conf.py
[36m(calculate_point_effect_gpu pid=1861879)[0m   warnings.warn('Since PySCF-2.3, B3LYP (and B3P86) are changed to the VWN-RPA variant, '
[36m(calculate_point_effect_gpu pid=1861870)[0m /home/users/sajagbe2/.local/lib/python3.11/site-packages/pyscf/dft/libxc.py:511: UserWarning: Since PySCF-2.3, B3LYP (and B3P86) are changed to the VWN-RPA variant, corresponding to the original definition by Stephens et al. (issue 1480) and the same as the B3LYP functional in Gaussian. To restore the VWN5 definition, you can put the setting "B3LYP_WITH_VWN5 = True" in pyscf_conf.py
[36m(calculate_point_effect_gpu pid=1861870)[0m   warnings.warn('Since PySCF-2.3, B3LYP (and B3P86) are changed to the VWN-RPA variant, '
[36m(calculate_point_effect_gpu pid=1861879)[0m Overwritten attributes  energy_nuc get_hcore  of <class 'gpu4pyscf.dft.rks.RKS'>
[36m(calculate_point_effect_gpu pid=1861879)[0m <class 'gpu4pyscf.dft.rks.RKS'> does not have attributes  charge spin basis
[36m(calculate_point_effect_gpu pid=1861870)[0m <class 'gpu4pyscf.dft.rks.RKS'> does not have attributes  basis spin charge
[36m(calculate_point_effect_gpu pid=1861858)[0m <class 'gpu4pyscf.dft.rks.RKS'> does not have attributes  charge basis spin
[36m(calculate_point_effect_gpu pid=1861858)[0m /home/users/sajagbe2/.local/lib/python3.11/site-packages/pyscf/dft/libxc.py:511: UserWarning: Since PySCF-2.3, B3LYP (and B3P86) are changed to the VWN-RPA variant, corresponding to the original definition by Stephens et al. (issue 1480) and the same as the B3LYP functional in Gaussian. To restore the VWN5 definition, you can put the setting "B3LYP_WITH_VWN5 = True" in pyscf_conf.py
[36m(calculate_point_effect_gpu pid=1861858)[0m   warnings.warn('Since PySCF-2.3, B3LYP (and B3P86) are changed to the VWN-RPA variant, '
[36m(calculate_point_effect_gpu pid=1861859)[0m /home/users/sajagbe2/.local/lib/python3.11/site-packages/pyscf/dft/libxc.py:511: UserWarning: Since PySCF-2.3, B3LYP (and B3P86) are changed to the VWN-RPA variant, corresponding to the original definition by Stephens et al. (issue 1480) and the same as the B3LYP functional in Gaussian. To restore the VWN5 definition, you can put the setting "B3LYP_WITH_VWN5 = True" in pyscf_conf.py
[36m(calculate_point_effect_gpu pid=1861859)[0m   warnings.warn('Since PySCF-2.3, B3LYP (and B3P86) are changed to the VWN-RPA variant, '
[36m(calculate_point_effect_gpu pid=1861858)[0m Overwritten attributes  energy_nuc get_hcore  of <class 'gpu4pyscf.dft.rks.RKS'>[32m [repeated 2x across cluster][0m
[36m(calculate_point_effect_gpu pid=1861859)[0m Overwritten attributes  get_hcore energy_nuc  of <class 'gpu4pyscf.dft.rks.RKS'>
[36m(calculate_point_effect_gpu pid=1861859)[0m <class 'gpu4pyscf.dft.rks.RKS'> does not have attributes  basis charge spin
[36m(calculate_point_effect_gpu pid=1861845)[0m /home/users/sajagbe2/.local/lib/python3.11/site-packages/pyscf/dft/libxc.py:511: UserWarning: Since PySCF-2.3, B3LYP (and B3P86) are changed to the VWN-RPA variant, corresponding to the original definition by Stephens et al. (issue 1480) and the same as the B3LYP functional in Gaussian. To restore the VWN5 definition, you can put the setting "B3LYP_WITH_VWN5 = True" in pyscf_conf.py
[36m(calculate_point_effect_gpu pid=1861845)[0m   warnings.warn('Since PySCF-2.3, B3LYP (and B3P86) are changed to the VWN-RPA variant, '
[36m(calculate_point_effect_gpu pid=1861867)[0m /home/users/sajagbe2/.local/lib/python3.11/site-packages/pyscf/dft/libxc.py:511: UserWarning: Since PySCF-2.3, B3LYP (and B3P86) are changed to the VWN-RPA variant, corresponding to the original definition by Stephens et al. (issue 1480) and the same as the B3LYP functional in Gaussian. To restore the VWN5 definition, you can put the setting "B3LYP_WITH_VWN5 = True" in pyscf_conf.py
[36m(calculate_point_effect_gpu pid=1861867)[0m   warnings.warn('Since PySCF-2.3, B3LYP (and B3P86) are changed to the VWN-RPA variant, '
[36m(calculate_point_effect_gpu pid=1861845)[0m <class 'gpu4pyscf.dft.rks.RKS'> does not have attributes  spin charge basis
[36m(calculate_point_effect_gpu pid=1861845)[0m Overwritten attributes  get_hcore energy_nuc  of <class 'gpu4pyscf.dft.rks.RKS'>
[36m(calculate_point_effect_gpu pid=1861867)[0m Overwritten attributes  get_hcore energy_nuc  of <class 'gpu4pyscf.dft.rks.RKS'>
[36m(calculate_point_effect_gpu pid=1861875)[0m /home/users/sajagbe2/.local/lib/python3.11/site-packages/pyscf/dft/libxc.py:511: UserWarning: Since PySCF-2.3, B3LYP (and B3P86) are changed to the VWN-RPA variant, corresponding to the original definition by Stephens et al. (issue 1480) and the same as the B3LYP functional in Gaussian. To restore the VWN5 definition, you can put the setting "B3LYP_WITH_VWN5 = True" in pyscf_conf.py
[36m(calculate_point_effect_gpu pid=1861875)[0m   warnings.warn('Since PySCF-2.3, B3LYP (and B3P86) are changed to the VWN-RPA variant, '
[36m(calculate_point_effect_gpu pid=1861867)[0m <class 'gpu4pyscf.dft.rks.RKS'> does not have attributes  spin charge basis
[36m(calculate_point_effect_gpu pid=1861869)[0m /home/users/sajagbe2/.local/lib/python3.11/site-packages/pyscf/dft/libxc.py:511: UserWarning: Since PySCF-2.3, B3LYP (and B3P86) are changed to the VWN-RPA variant, corresponding to the original definition by Stephens et al. (issue 1480) and the same as the B3LYP functional in Gaussian. To restore the VWN5 definition, you can put the setting "B3LYP_WITH_VWN5 = True" in pyscf_conf.py
[36m(calculate_point_effect_gpu pid=1861869)[0m   warnings.warn('Since PySCF-2.3, B3LYP (and B3P86) are changed to the VWN-RPA variant, '
[36m(calculate_point_effect_gpu pid=1861875)[0m Overwritten attributes  get_hcore energy_nuc  of <class 'gpu4pyscf.dft.rks.RKS'>
[36m(calculate_point_effect_gpu pid=1861875)[0m <class 'gpu4pyscf.dft.rks.RKS'> does not have attributes  spin charge basis
[36m(calculate_point_effect_gpu pid=1861869)[0m Overwritten attributes  energy_nuc get_hcore  of <class 'gpu4pyscf.dft.rks.RKS'>
[36m(calculate_point_effect_gpu pid=1861869)[0m <class 'gpu4pyscf.dft.rks.RKS'> does not have attributes  charge spin basis
[36m(calculate_point_effect_gpu pid=1861873)[0m /home/users/sajagbe2/.local/lib/python3.11/site-packages/pyscf/dft/libxc.py:511: UserWarning: Since PySCF-2.3, B3LYP (and B3P86) are changed to the VWN-RPA variant, corresponding to the original definition by Stephens et al. (issue 1480) and the same as the B3LYP functional in Gaussian. To restore the VWN5 definition, you can put the setting "B3LYP_WITH_VWN5 = True" in pyscf_conf.py[32m [repeated 2x across cluster][0m
[36m(calculate_point_effect_gpu pid=1861873)[0m   warnings.warn('Since PySCF-2.3, B3LYP (and B3P86) are changed to the VWN-RPA variant, '[32m [repeated 2x across cluster][0m
[36m(calculate_point_effect_gpu pid=1861860)[0m <class 'gpu4pyscf.dft.rks.RKS'> does not have attributes  spin charge basis
[36m(calculate_point_effect_gpu pid=1861860)[0m Overwritten attributes  energy_nuc get_hcore  of <class 'gpu4pyscf.dft.rks.RKS'>
[36m(calculate_point_effect_gpu pid=1861873)[0m Overwritten attributes  energy_nuc get_hcore  of <class 'gpu4pyscf.dft.rks.RKS'>
[36m(calculate_point_effect_gpu pid=1861873)[0m <class 'gpu4pyscf.dft.rks.RKS'> does not have attributes  charge spin basis
[36m(calculate_point_effect_gpu pid=1861868)[0m Overwritten attributes  get_hcore energy_nuc  of <class 'gpu4pyscf.dft.rks.RKS'>
[36m(calculate_point_effect_gpu pid=1861868)[0m <class 'gpu4pyscf.dft.rks.RKS'> does not have attributes  basis charge spin
[36m(calculate_point_effect_gpu pid=1861862)[0m <class 'gpu4pyscf.dft.rks.RKS'> does not have attributes  spin basis charge
[36m(calculate_point_effect_gpu pid=1861866)[0m /home/users/sajagbe2/.local/lib/python3.11/site-packages/pyscf/dft/libxc.py:511: UserWarning: Since PySCF-2.3, B3LYP (and B3P86) are changed to the VWN-RPA variant, corresponding to the original definition by Stephens et al. (issue 1480) and the same as the B3LYP functional in Gaussian. To restore the VWN5 definition, you can put the setting "B3LYP_WITH_VWN5 = True" in pyscf_conf.py[32m [repeated 3x across cluster][0m
[36m(calculate_point_effect_gpu pid=1861866)[0m   warnings.warn('Since PySCF-2.3, B3LYP (and B3P86) are changed to the VWN-RPA variant, '[32m [repeated 3x across cluster][0m
[36m(calculate_point_effect_gpu pid=1861862)[0m Overwritten attributes  get_hcore energy_nuc  of <class 'gpu4pyscf.dft.rks.RKS'>
[36m(calculate_point_effect_gpu pid=1861866)[0m Overwritten attributes  get_hcore energy_nuc  of <class 'gpu4pyscf.dft.rks.RKS'>
[36m(calculate_point_effect_gpu pid=1861866)[0m <class 'gpu4pyscf.dft.rks.RKS'> does not have attributes  basis spin charge
[36m(calculate_point_effect_gpu pid=1861878)[0m <class 'gpu4pyscf.dft.rks.RKS'> does not have attributes  spin charge basis
[36m(calculate_point_effect_gpu pid=1861880)[0m /home/users/sajagbe2/.local/lib/python3.11/site-packages/pyscf/dft/libxc.py:511: UserWarning: Since PySCF-2.3, B3LYP (and B3P86) are changed to the VWN-RPA variant, corresponding to the original definition by Stephens et al. (issue 1480) and the same as the B3LYP functional in Gaussian. To restore the VWN5 definition, you can put the setting "B3LYP_WITH_VWN5 = True" in pyscf_conf.py[32m [repeated 3x across cluster][0m
[36m(calculate_point_effect_gpu pid=1861880)[0m   warnings.warn('Since PySCF-2.3, B3LYP (and B3P86) are changed to the VWN-RPA variant, '[32m [repeated 3x across cluster][0m
[36m(calculate_point_effect_gpu pid=1861878)[0m Overwritten attributes  get_hcore energy_nuc  of <class 'gpu4pyscf.dft.rks.RKS'>[32m [repeated 2x across cluster][0m
[36m(calculate_point_effect_gpu pid=1861861)[0m <class 'gpu4pyscf.dft.rks.RKS'> does not have attributes  basis spin charge
[36m(calculate_point_effect_gpu pid=1861880)[0m <class 'gpu4pyscf.dft.rks.RKS'> does not have attributes  basis spin charge
[36m(calculate_point_effect_gpu pid=1861871)[0m <class 'gpu4pyscf.dft.rks.RKS'> does not have attributes  spin charge basis
[36m(calculate_point_effect_gpu pid=1861884)[0m Overwritten attributes  energy_nuc get_hcore  of <class 'gpu4pyscf.dft.rks.RKS'>
[36m(calculate_point_effect_gpu pid=1861884)[0m <class 'gpu4pyscf.dft.rks.RKS'> does not have attributes  basis charge spin
[36m(calculate_point_effect_gpu pid=1861884)[0m /home/users/sajagbe2/.local/lib/python3.11/site-packages/pyscf/dft/libxc.py:511: UserWarning: Since PySCF-2.3, B3LYP (and B3P86) are changed to the VWN-RPA variant, corresponding to the original definition by Stephens et al. (issue 1480) and the same as the B3LYP functional in Gaussian. To restore the VWN5 definition, you can put the setting "B3LYP_WITH_VWN5 = True" in pyscf_conf.py[32m [repeated 2x across cluster][0m
[36m(calculate_point_effect_gpu pid=1861884)[0m   warnings.warn('Since PySCF-2.3, B3LYP (and B3P86) are changed to the VWN-RPA variant, '[32m [repeated 2x across cluster][0m
[36m(calculate_point_effect_gpu pid=1861871)[0m Overwritten attributes  get_hcore energy_nuc  of <class 'gpu4pyscf.dft.rks.RKS'>[32m [repeated 2x across cluster][0m
[36m(calculate_point_effect_gpu pid=1861881)[0m /home/users/sajagbe2/.local/lib/python3.11/site-packages/pyscf/dft/libxc.py:511: UserWarning: Since PySCF-2.3, B3LYP (and B3P86) are changed to the VWN-RPA variant, corresponding to the original definition by Stephens et al. (issue 1480) and the same as the B3LYP functional in Gaussian. To restore the VWN5 definition, you can put the setting "B3LYP_WITH_VWN5 = True" in pyscf_conf.py
[36m(calculate_point_effect_gpu pid=1861881)[0m   warnings.warn('Since PySCF-2.3, B3LYP (and B3P86) are changed to the VWN-RPA variant, '
[36m(calculate_point_effect_gpu pid=1861881)[0m Overwritten attributes  get_hcore energy_nuc  of <class 'gpu4pyscf.dft.rks.RKS'>
[36m(calculate_point_effect_gpu pid=1861881)[0m <class 'gpu4pyscf.dft.rks.RKS'> does not have attributes  spin charge basis
[36m(calculate_point_effect_gpu pid=1861877)[0m /home/users/sajagbe2/.local/lib/python3.11/site-packages/pyscf/dft/libxc.py:511: UserWarning: Since PySCF-2.3, B3LYP (and B3P86) are changed to the VWN-RPA variant, corresponding to the original definition by Stephens et al. (issue 1480) and the same as the B3LYP functional in Gaussian. To restore the VWN5 definition, you can put the setting "B3LYP_WITH_VWN5 = True" in pyscf_conf.py
[36m(calculate_point_effect_gpu pid=1861877)[0m   warnings.warn('Since PySCF-2.3, B3LYP (and B3P86) are changed to the VWN-RPA variant, '
[36m(calculate_point_effect_gpu pid=1861877)[0m Overwritten attributes  energy_nuc get_hcore  of <class 'gpu4pyscf.dft.rks.RKS'>
[36m(calculate_point_effect_gpu pid=1861877)[0m <class 'gpu4pyscf.dft.rks.RKS'> does not have attributes  basis charge spin
[36m(calculate_point_effect_gpu pid=1861874)[0m Overwritten attributes  get_hcore energy_nuc  of <class 'gpu4pyscf.dft.rks.RKS'>
[36m(calculate_point_effect_gpu pid=1861872)[0m /home/users/sajagbe2/.local/lib/python3.11/site-packages/pyscf/dft/libxc.py:511: UserWarning: Since PySCF-2.3, B3LYP (and B3P86) are changed to the VWN-RPA variant, corresponding to the original definition by Stephens et al. (issue 1480) and the same as the B3LYP functional in Gaussian. To restore the VWN5 definition, you can put the setting "B3LYP_WITH_VWN5 = True" in pyscf_conf.py[32m [repeated 2x across cluster][0m
[36m(calculate_point_effect_gpu pid=1861872)[0m   warnings.warn('Since PySCF-2.3, B3LYP (and B3P86) are changed to the VWN-RPA variant, '[32m [repeated 2x across cluster][0m
[36m(calculate_point_effect_gpu pid=1861874)[0m <class 'gpu4pyscf.dft.rks.RKS'> does not have attributes  basis charge spin
[36m(calculate_point_effect_gpu pid=1861872)[0m Overwritten attributes  energy_nuc get_hcore  of <class 'gpu4pyscf.dft.rks.RKS'>
[36m(calculate_point_effect_gpu pid=1861872)[0m <class 'gpu4pyscf.dft.rks.RKS'> does not have attributes  charge spin basis
[36m(calculate_point_effect_gpu pid=1861883)[0m /home/users/sajagbe2/.local/lib/python3.11/site-packages/pyscf/dft/libxc.py:511: UserWarning: Since PySCF-2.3, B3LYP (and B3P86) are changed to the VWN-RPA variant, corresponding to the original definition by Stephens et al. (issue 1480) and the same as the B3LYP functional in Gaussian. To restore the VWN5 definition, you can put the setting "B3LYP_WITH_VWN5 = True" in pyscf_conf.py[32m [repeated 2x across cluster][0m
[36m(calculate_point_effect_gpu pid=1861883)[0m   warnings.warn('Since PySCF-2.3, B3LYP (and B3P86) are changed to the VWN-RPA variant, '[32m [repeated 2x across cluster][0m
[36m(calculate_point_effect_gpu pid=1861883)[0m <class 'gpu4pyscf.dft.rks.RKS'> does not have attributes  spin charge basis
[36m(calculate_point_effect_gpu pid=1861883)[0m Overwritten attributes  energy_nuc get_hcore  of <class 'gpu4pyscf.dft.rks.RKS'>[32m [repeated 2x across cluster][0m
[36m(calculate_point_effect_gpu pid=1861857)[0m <class 'gpu4pyscf.dft.rks.RKS'> does not have attributes  charge spin basis
[36m(calculate_point_effect_gpu pid=1861882)[0m /home/users/sajagbe2/.local/lib/python3.11/site-packages/pyscf/dft/libxc.py:511: UserWarning: Since PySCF-2.3, B3LYP (and B3P86) are changed to the VWN-RPA variant, corresponding to the original definition by Stephens et al. (issue 1480) and the same as the B3LYP functional in Gaussian. To restore the VWN5 definition, you can put the setting "B3LYP_WITH_VWN5 = True" in pyscf_conf.py
[36m(calculate_point_effect_gpu pid=1861882)[0m   warnings.warn('Since PySCF-2.3, B3LYP (and B3P86) are changed to the VWN-RPA variant, '
[36m(calculate_point_effect_gpu pid=1865673)[0m /home/users/sajagbe2/.local/lib/python3.11/site-packages/pyscf/dft/libxc.py:511: UserWarning: Since PySCF-2.3, B3LYP (and B3P86) are changed to the VWN-RPA variant, corresponding to the original definition by Stephens et al. (issue 1480) and the same as the B3LYP functional in Gaussian. To restore the VWN5 definition, you can put the setting "B3LYP_WITH_VWN5 = True" in pyscf_conf.py
[36m(calculate_point_effect_gpu pid=1865673)[0m   warnings.warn('Since PySCF-2.3, B3LYP (and B3P86) are changed to the VWN-RPA variant, '
[36m(calculate_point_effect_gpu pid=1861882)[0m <class 'gpu4pyscf.dft.rks.RKS'> does not have attributes  spin basis charge
[36m(calculate_point_effect_gpu pid=1865673)[0m <class 'gpu4pyscf.dft.rks.RKS'> does not have attributes  basis spin charge
[36m(calculate_point_effect_gpu pid=1865674)[0m <class 'gpu4pyscf.dft.rks.RKS'> does not have attributes  charge basis spin
[36m(calculate_point_effect_gpu pid=1865674)[0m Overwritten attributes  energy_nuc get_hcore  of <class 'gpu4pyscf.dft.rks.RKS'>[32m [repeated 3x across cluster][0m
[36m(calculate_point_effect_gpu pid=1866018)[0m /home/users/sajagbe2/.local/lib/python3.11/site-packages/pyscf/dft/libxc.py:511: UserWarning: Since PySCF-2.3, B3LYP (and B3P86) are changed to the VWN-RPA variant, corresponding to the original definition by Stephens et al. (issue 1480) and the same as the B3LYP functional in Gaussian. To restore the VWN5 definition, you can put the setting "B3LYP_WITH_VWN5 = True" in pyscf_conf.py[32m [repeated 2x across cluster][0m
[36m(calculate_point_effect_gpu pid=1866018)[0m   warnings.warn('Since PySCF-2.3, B3LYP (and B3P86) are changed to the VWN-RPA variant, '[32m [repeated 2x across cluster][0m
[36m(calculate_point_effect_gpu pid=1866018)[0m Overwritten attributes  get_hcore energy_nuc  of <class 'gpu4pyscf.dft.rks.RKS'>
[36m(calculate_point_effect_gpu pid=1866018)[0m <class 'gpu4pyscf.dft.rks.RKS'> does not have attributes  basis charge spin
[36m(calculate_point_effect_gpu pid=1865676)[0m <class 'gpu4pyscf.dft.rks.RKS'> does not have attributes  charge basis spin
[36m(calculate_point_effect_gpu pid=1865675)[0m Overwritten attributes  energy_nuc get_hcore  of <class 'gpu4pyscf.dft.rks.RKS'>
[36m(calculate_point_effect_gpu pid=1866017)[0m /home/users/sajagbe2/.local/lib/python3.11/site-packages/pyscf/dft/libxc.py:511: UserWarning: Since PySCF-2.3, B3LYP (and B3P86) are changed to the VWN-RPA variant, corresponding to the original definition by Stephens et al. (issue 1480) and the same as the B3LYP functional in Gaussian. To restore the VWN5 definition, you can put the setting "B3LYP_WITH_VWN5 = True" in pyscf_conf.py[32m [repeated 3x across cluster][0m
[36m(calculate_point_effect_gpu pid=1866017)[0m   warnings.warn('Since PySCF-2.3, B3LYP (and B3P86) are changed to the VWN-RPA variant, '[32m [repeated 3x across cluster][0m
[36m(calculate_point_effect_gpu pid=1865676)[0m Overwritten attributes  get_hcore energy_nuc  of <class 'gpu4pyscf.dft.rks.RKS'>
[36m(calculate_point_effect_gpu pid=1865675)[0m <class 'gpu4pyscf.dft.rks.RKS'> does not have attributes  basis charge spin
[36m(calculate_point_effect_gpu pid=1866017)[0m Overwritten attributes  get_hcore energy_nuc  of <class 'gpu4pyscf.dft.rks.RKS'>
[36m(calculate_point_effect_gpu pid=1866017)[0m <class 'gpu4pyscf.dft.rks.RKS'> does not have attributes  spin basis charge
[36m(calculate_point_effect_gpu pid=1866019)[0m Overwritten attributes  energy_nuc get_hcore  of <class 'gpu4pyscf.dft.rks.RKS'>
[36m(calculate_point_effect_gpu pid=1866019)[0m <class 'gpu4pyscf.dft.rks.RKS'> does not have attributes  spin charge basis
[36m(calculate_point_effect_gpu pid=1866016)[0m /home/users/sajagbe2/.local/lib/python3.11/site-packages/pyscf/dft/libxc.py:511: UserWarning: Since PySCF-2.3, B3LYP (and B3P86) are changed to the VWN-RPA variant, corresponding to the original definition by Stephens et al. (issue 1480) and the same as the B3LYP functional in Gaussian. To restore the VWN5 definition, you can put the setting "B3LYP_WITH_VWN5 = True" in pyscf_conf.py[32m [repeated 2x across cluster][0m
[36m(calculate_point_effect_gpu pid=1866016)[0m   warnings.warn('Since PySCF-2.3, B3LYP (and B3P86) are changed to the VWN-RPA variant, '[32m [repeated 2x across cluster][0m
[36m(calculate_point_effect_gpu pid=1866016)[0m Overwritten attributes  get_hcore energy_nuc  of <class 'gpu4pyscf.dft.rks.RKS'>
[36m(calculate_point_effect_gpu pid=1866016)[0m <class 'gpu4pyscf.dft.rks.RKS'> does not have attributes  spin charge basis
[36m(calculate_point_effect_gpu pid=1866358)[0m /home/users/sajagbe2/.local/lib/python3.11/site-packages/pyscf/dft/libxc.py:511: UserWarning: Since PySCF-2.3, B3LYP (and B3P86) are changed to the VWN-RPA variant, corresponding to the original definition by Stephens et al. (issue 1480) and the same as the B3LYP functional in Gaussian. To restore the VWN5 definition, you can put the setting "B3LYP_WITH_VWN5 = True" in pyscf_conf.py
[36m(calculate_point_effect_gpu pid=1866358)[0m   warnings.warn('Since PySCF-2.3, B3LYP (and B3P86) are changed to the VWN-RPA variant, '
[36m(calculate_point_effect_gpu pid=1866528)[0m /home/users/sajagbe2/.local/lib/python3.11/site-packages/pyscf/dft/libxc.py:511: UserWarning: Since PySCF-2.3, B3LYP (and B3P86) are changed to the VWN-RPA variant, corresponding to the original definition by Stephens et al. (issue 1480) and the same as the B3LYP functional in Gaussian. To restore the VWN5 definition, you can put the setting "B3LYP_WITH_VWN5 = True" in pyscf_conf.py
[36m(calculate_point_effect_gpu pid=1866528)[0m   warnings.warn('Since PySCF-2.3, B3LYP (and B3P86) are changed to the VWN-RPA variant, '
[36m(calculate_point_effect_gpu pid=1866358)[0m Overwritten attributes  get_hcore energy_nuc  of <class 'gpu4pyscf.dft.rks.RKS'>
[36m(calculate_point_effect_gpu pid=1866358)[0m <class 'gpu4pyscf.dft.rks.RKS'> does not have attributes  spin basis charge
[36m(calculate_point_effect_gpu pid=1866527)[0m Overwritten attributes  energy_nuc get_hcore  of <class 'gpu4pyscf.dft.rks.RKS'>
[36m(calculate_point_effect_gpu pid=1866527)[0m <class 'gpu4pyscf.dft.rks.RKS'> does not have attributes  charge spin basis
[36m(calculate_point_effect_gpu pid=1866526)[0m /home/users/sajagbe2/.local/lib/python3.11/site-packages/pyscf/dft/libxc.py:511: UserWarning: Since PySCF-2.3, B3LYP (and B3P86) are changed to the VWN-RPA variant, corresponding to the original definition by Stephens et al. (issue 1480) and the same as the B3LYP functional in Gaussian. To restore the VWN5 definition, you can put the setting "B3LYP_WITH_VWN5 = True" in pyscf_conf.py[32m [repeated 2x across cluster][0m
[36m(calculate_point_effect_gpu pid=1866526)[0m   warnings.warn('Since PySCF-2.3, B3LYP (and B3P86) are changed to the VWN-RPA variant, '[32m [repeated 2x across cluster][0m
[36m(calculate_point_effect_gpu pid=1866528)[0m Overwritten attributes  get_hcore energy_nuc  of <class 'gpu4pyscf.dft.rks.RKS'>
[36m(calculate_point_effect_gpu pid=1866528)[0m <class 'gpu4pyscf.dft.rks.RKS'> does not have attributes  spin basis charge
[36m(calculate_point_effect_gpu pid=1866526)[0m Overwritten attributes  energy_nuc get_hcore  of <class 'gpu4pyscf.dft.rks.RKS'>
[36m(calculate_point_effect_gpu pid=1866526)[0m <class 'gpu4pyscf.dft.rks.RKS'> does not have attributes  spin charge basis
[36m(calculate_point_effect_gpu pid=1866870)[0m Overwritten attributes  get_hcore energy_nuc  of <class 'gpu4pyscf.dft.rks.RKS'>
[36m(calculate_point_effect_gpu pid=1866870)[0m <class 'gpu4pyscf.dft.rks.RKS'> does not have attributes  basis spin charge
[36m(calculate_point_effect_gpu pid=1866529)[0m /home/users/sajagbe2/.local/lib/python3.11/site-packages/pyscf/dft/libxc.py:511: UserWarning: Since PySCF-2.3, B3LYP (and B3P86) are changed to the VWN-RPA variant, corresponding to the original definition by Stephens et al. (issue 1480) and the same as the B3LYP functional in Gaussian. To restore the VWN5 definition, you can put the setting "B3LYP_WITH_VWN5 = True" in pyscf_conf.py[32m [repeated 2x across cluster][0m
[36m(calculate_point_effect_gpu pid=1866529)[0m   warnings.warn('Since PySCF-2.3, B3LYP (and B3P86) are changed to the VWN-RPA variant, '[32m [repeated 2x across cluster][0m
[36m(calculate_point_effect_gpu pid=1866529)[0m <class 'gpu4pyscf.dft.rks.RKS'> does not have attributes  basis charge spin
[36m(calculate_point_effect_gpu pid=1866529)[0m Overwritten attributes  get_hcore energy_nuc  of <class 'gpu4pyscf.dft.rks.RKS'>
[36m(calculate_point_effect_gpu pid=1866872)[0m /home/users/sajagbe2/.local/lib/python3.11/site-packages/pyscf/dft/libxc.py:511: UserWarning: Since PySCF-2.3, B3LYP (and B3P86) are changed to the VWN-RPA variant, corresponding to the original definition by Stephens et al. (issue 1480) and the same as the B3LYP functional in Gaussian. To restore the VWN5 definition, you can put the setting "B3LYP_WITH_VWN5 = True" in pyscf_conf.py
[36m(calculate_point_effect_gpu pid=1866872)[0m   warnings.warn('Since PySCF-2.3, B3LYP (and B3P86) are changed to the VWN-RPA variant, '
[36m(calculate_point_effect_gpu pid=1867156)[0m /home/users/sajagbe2/.local/lib/python3.11/site-packages/pyscf/dft/libxc.py:511: UserWarning: Since PySCF-2.3, B3LYP (and B3P86) are changed to the VWN-RPA variant, corresponding to the original definition by Stephens et al. (issue 1480) and the same as the B3LYP functional in Gaussian. To restore the VWN5 definition, you can put the setting "B3LYP_WITH_VWN5 = True" in pyscf_conf.py
[36m(calculate_point_effect_gpu pid=1867156)[0m   warnings.warn('Since PySCF-2.3, B3LYP (and B3P86) are changed to the VWN-RPA variant, '
[36m(calculate_point_effect_gpu pid=1866872)[0m Overwritten attributes  get_hcore energy_nuc  of <class 'gpu4pyscf.dft.rks.RKS'>
[36m(calculate_point_effect_gpu pid=1866872)[0m <class 'gpu4pyscf.dft.rks.RKS'> does not have attributes  basis charge spin
[36m(calculate_point_effect_gpu pid=1867156)[0m Overwritten attributes  energy_nuc get_hcore  of <class 'gpu4pyscf.dft.rks.RKS'>
[36m(calculate_point_effect_gpu pid=1867156)[0m <class 'gpu4pyscf.dft.rks.RKS'> does not have attributes  charge spin basis
[36m(calculate_point_effect_gpu pid=1866871)[0m <class 'gpu4pyscf.dft.rks.RKS'> does not have attributes  spin basis charge
[36m(calculate_point_effect_gpu pid=1867157)[0m /home/users/sajagbe2/.local/lib/python3.11/site-packages/pyscf/dft/libxc.py:511: UserWarning: Since PySCF-2.3, B3LYP (and B3P86) are changed to the VWN-RPA variant, corresponding to the original definition by Stephens et al. (issue 1480) and the same as the B3LYP functional in Gaussian. To restore the VWN5 definition, you can put the setting "B3LYP_WITH_VWN5 = True" in pyscf_conf.py[32m [repeated 2x across cluster][0m
[36m(calculate_point_effect_gpu pid=1867157)[0m   warnings.warn('Since PySCF-2.3, B3LYP (and B3P86) are changed to the VWN-RPA variant, '[32m [repeated 2x across cluster][0m
[36m(calculate_point_effect_gpu pid=1866871)[0m Overwritten attributes  get_hcore energy_nuc  of <class 'gpu4pyscf.dft.rks.RKS'>
[36m(calculate_point_effect_gpu pid=1867157)[0m Overwritten attributes  energy_nuc get_hcore  of <class 'gpu4pyscf.dft.rks.RKS'>
[36m(calculate_point_effect_gpu pid=1867157)[0m <class 'gpu4pyscf.dft.rks.RKS'> does not have attributes  spin basis charge
[36m(calculate_point_effect_gpu pid=1867441)[0m /home/users/sajagbe2/.local/lib/python3.11/site-packages/pyscf/dft/libxc.py:511: UserWarning: Since PySCF-2.3, B3LYP (and B3P86) are changed to the VWN-RPA variant, corresponding to the original definition by Stephens et al. (issue 1480) and the same as the B3LYP functional in Gaussian. To restore the VWN5 definition, you can put the setting "B3LYP_WITH_VWN5 = True" in pyscf_conf.py[32m [repeated 2x across cluster][0m
[36m(calculate_point_effect_gpu pid=1867441)[0m   warnings.warn('Since PySCF-2.3, B3LYP (and B3P86) are changed to the VWN-RPA variant, '[32m [repeated 2x across cluster][0m
[36m(calculate_point_effect_gpu pid=1867158)[0m Overwritten attributes  get_hcore energy_nuc  of <class 'gpu4pyscf.dft.rks.RKS'>
[36m(calculate_point_effect_gpu pid=1867158)[0m <class 'gpu4pyscf.dft.rks.RKS'> does not have attributes  spin charge basis
[36m(calculate_point_effect_gpu pid=1867441)[0m <class 'gpu4pyscf.dft.rks.RKS'> does not have attributes  charge basis spin
[36m(calculate_point_effect_gpu pid=1867443)[0m /home/users/sajagbe2/.local/lib/python3.11/site-packages/pyscf/dft/libxc.py:511: UserWarning: Since PySCF-2.3, B3LYP (and B3P86) are changed to the VWN-RPA variant, corresponding to the original definition by Stephens et al. (issue 1480) and the same as the B3LYP functional in Gaussian. To restore the VWN5 definition, you can put the setting "B3LYP_WITH_VWN5 = True" in pyscf_conf.py
[36m(calculate_point_effect_gpu pid=1867443)[0m   warnings.warn('Since PySCF-2.3, B3LYP (and B3P86) are changed to the VWN-RPA variant, '
[36m(calculate_point_effect_gpu pid=1867441)[0m Overwritten attributes  get_hcore energy_nuc  of <class 'gpu4pyscf.dft.rks.RKS'>
[36m(calculate_point_effect_gpu pid=1867442)[0m /home/users/sajagbe2/.local/lib/python3.11/site-packages/pyscf/dft/libxc.py:511: UserWarning: Since PySCF-2.3, B3LYP (and B3P86) are changed to the VWN-RPA variant, corresponding to the original definition by Stephens et al. (issue 1480) and the same as the B3LYP functional in Gaussian. To restore the VWN5 definition, you can put the setting "B3LYP_WITH_VWN5 = True" in pyscf_conf.py
[36m(calculate_point_effect_gpu pid=1867442)[0m   warnings.warn('Since PySCF-2.3, B3LYP (and B3P86) are changed to the VWN-RPA variant, '
[36m(calculate_point_effect_gpu pid=1867443)[0m Overwritten attributes  get_hcore energy_nuc  of <class 'gpu4pyscf.dft.rks.RKS'>
[36m(calculate_point_effect_gpu pid=1867443)[0m <class 'gpu4pyscf.dft.rks.RKS'> does not have attributes  spin charge basis
[36m(calculate_point_effect_gpu pid=1867442)[0m <class 'gpu4pyscf.dft.rks.RKS'> does not have attributes  basis spin charge
[36m(calculate_point_effect_gpu pid=1867440)[0m Overwritten attributes  energy_nuc get_hcore  of <class 'gpu4pyscf.dft.rks.RKS'>
[36m(calculate_point_effect_gpu pid=1867440)[0m <class 'gpu4pyscf.dft.rks.RKS'> does not have attributes  basis charge spin
[36m(calculate_point_effect_gpu pid=1867440)[0m /home/users/sajagbe2/.local/lib/python3.11/site-packages/pyscf/dft/libxc.py:511: UserWarning: Since PySCF-2.3, B3LYP (and B3P86) are changed to the VWN-RPA variant, corresponding to the original definition by Stephens et al. (issue 1480) and the same as the B3LYP functional in Gaussian. To restore the VWN5 definition, you can put the setting "B3LYP_WITH_VWN5 = True" in pyscf_conf.py
[36m(calculate_point_effect_gpu pid=1867440)[0m   warnings.warn('Since PySCF-2.3, B3LYP (and B3P86) are changed to the VWN-RPA variant, '
[36m(calculate_point_effect_gpu pid=1867787)[0m /home/users/sajagbe2/.local/lib/python3.11/site-packages/pyscf/dft/libxc.py:511: UserWarning: Since PySCF-2.3, B3LYP (and B3P86) are changed to the VWN-RPA variant, corresponding to the original definition by Stephens et al. (issue 1480) and the same as the B3LYP functional in Gaussian. To restore the VWN5 definition, you can put the setting "B3LYP_WITH_VWN5 = True" in pyscf_conf.py
[36m(calculate_point_effect_gpu pid=1867787)[0m   warnings.warn('Since PySCF-2.3, B3LYP (and B3P86) are changed to the VWN-RPA variant, '
[36m(calculate_point_effect_gpu pid=1867442)[0m Overwritten attributes  get_hcore energy_nuc  of <class 'gpu4pyscf.dft.rks.RKS'>
[36m(calculate_point_effect_gpu pid=1867787)[0m Overwritten attributes  energy_nuc get_hcore  of <class 'gpu4pyscf.dft.rks.RKS'>
[36m(calculate_point_effect_gpu pid=1867787)[0m <class 'gpu4pyscf.dft.rks.RKS'> does not have attributes  basis spin charge
[36m(calculate_point_effect_gpu pid=1867786)[0m <class 'gpu4pyscf.dft.rks.RKS'> does not have attributes  basis charge spin
[36m(calculate_point_effect_gpu pid=1868012)[0m /home/users/sajagbe2/.local/lib/python3.11/site-packages/pyscf/dft/libxc.py:511: UserWarning: Since PySCF-2.3, B3LYP (and B3P86) are changed to the VWN-RPA variant, corresponding to the original definition by Stephens et al. (issue 1480) and the same as the B3LYP functional in Gaussian. To restore the VWN5 definition, you can put the setting "B3LYP_WITH_VWN5 = True" in pyscf_conf.py[32m [repeated 2x across cluster][0m
[36m(calculate_point_effect_gpu pid=1868012)[0m   warnings.warn('Since PySCF-2.3, B3LYP (and B3P86) are changed to the VWN-RPA variant, '[32m [repeated 2x across cluster][0m
[36m(calculate_point_effect_gpu pid=1868012)[0m Overwritten attributes  energy_nuc get_hcore  of <class 'gpu4pyscf.dft.rks.RKS'>[32m [repeated 2x across cluster][0m
[36m(calculate_point_effect_gpu pid=1868012)[0m <class 'gpu4pyscf.dft.rks.RKS'> does not have attributes  basis charge spin
[36m(calculate_point_effect_gpu pid=1868014)[0m /home/users/sajagbe2/.local/lib/python3.11/site-packages/pyscf/dft/libxc.py:511: UserWarning: Since PySCF-2.3, B3LYP (and B3P86) are changed to the VWN-RPA variant, corresponding to the original definition by Stephens et al. (issue 1480) and the same as the B3LYP functional in Gaussian. To restore the VWN5 definition, you can put the setting "B3LYP_WITH_VWN5 = True" in pyscf_conf.py
[36m(calculate_point_effect_gpu pid=1868014)[0m   warnings.warn('Since PySCF-2.3, B3LYP (and B3P86) are changed to the VWN-RPA variant, '
[36m(calculate_point_effect_gpu pid=1868013)[0m /home/users/sajagbe2/.local/lib/python3.11/site-packages/pyscf/dft/libxc.py:511: UserWarning: Since PySCF-2.3, B3LYP (and B3P86) are changed to the VWN-RPA variant, corresponding to the original definition by Stephens et al. (issue 1480) and the same as the B3LYP functional in Gaussian. To restore the VWN5 definition, you can put the setting "B3LYP_WITH_VWN5 = True" in pyscf_conf.py
[36m(calculate_point_effect_gpu pid=1868013)[0m   warnings.warn('Since PySCF-2.3, B3LYP (and B3P86) are changed to the VWN-RPA variant, '
[36m(calculate_point_effect_gpu pid=1868014)[0m Overwritten attributes  get_hcore energy_nuc  of <class 'gpu4pyscf.dft.rks.RKS'>
[36m(calculate_point_effect_gpu pid=1868014)[0m <class 'gpu4pyscf.dft.rks.RKS'> does not have attributes  spin basis charge
[36m(calculate_point_effect_gpu pid=1868013)[0m Overwritten attributes  energy_nuc get_hcore  of <class 'gpu4pyscf.dft.rks.RKS'>
[36m(calculate_point_effect_gpu pid=1868013)[0m <class 'gpu4pyscf.dft.rks.RKS'> does not have attributes  charge basis spin
[36m(calculate_point_effect_gpu pid=1868297)[0m <class 'gpu4pyscf.dft.rks.RKS'> does not have attributes  charge spin basis
[36m(calculate_point_effect_gpu pid=1868579)[0m /home/users/sajagbe2/.local/lib/python3.11/site-packages/pyscf/dft/libxc.py:511: UserWarning: Since PySCF-2.3, B3LYP (and B3P86) are changed to the VWN-RPA variant, corresponding to the original definition by Stephens et al. (issue 1480) and the same as the B3LYP functional in Gaussian. To restore the VWN5 definition, you can put the setting "B3LYP_WITH_VWN5 = True" in pyscf_conf.py[32m [repeated 2x across cluster][0m
[36m(calculate_point_effect_gpu pid=1868579)[0m   warnings.warn('Since PySCF-2.3, B3LYP (and B3P86) are changed to the VWN-RPA variant, '[32m [repeated 2x across cluster][0m
[36m(calculate_point_effect_gpu pid=1868297)[0m Overwritten attributes  energy_nuc get_hcore  of <class 'gpu4pyscf.dft.rks.RKS'>
[36m(calculate_point_effect_gpu pid=1868579)[0m Overwritten attributes  energy_nuc get_hcore  of <class 'gpu4pyscf.dft.rks.RKS'>
[36m(calculate_point_effect_gpu pid=1868579)[0m <class 'gpu4pyscf.dft.rks.RKS'> does not have attributes  basis spin charge
[36m(calculate_point_effect_gpu pid=1868296)[0m Overwritten attributes  get_hcore energy_nuc  of <class 'gpu4pyscf.dft.rks.RKS'>
[36m(calculate_point_effect_gpu pid=1868296)[0m <class 'gpu4pyscf.dft.rks.RKS'> does not have attributes  charge basis spin
[36m(calculate_point_effect_gpu pid=1868298)[0m /home/users/sajagbe2/.local/lib/python3.11/site-packages/pyscf/dft/libxc.py:511: UserWarning: Since PySCF-2.3, B3LYP (and B3P86) are changed to the VWN-RPA variant, corresponding to the original definition by Stephens et al. (issue 1480) and the same as the B3LYP functional in Gaussian. To restore the VWN5 definition, you can put the setting "B3LYP_WITH_VWN5 = True" in pyscf_conf.py[32m [repeated 2x across cluster][0m
[36m(calculate_point_effect_gpu pid=1868298)[0m   warnings.warn('Since PySCF-2.3, B3LYP (and B3P86) are changed to the VWN-RPA variant, '[32m [repeated 2x across cluster][0m
[36m(calculate_point_effect_gpu pid=1868298)[0m <class 'gpu4pyscf.dft.rks.RKS'> does not have attributes  spin basis charge
[36m(calculate_point_effect_gpu pid=1868298)[0m Overwritten attributes  get_hcore energy_nuc  of <class 'gpu4pyscf.dft.rks.RKS'>
[36m(calculate_point_effect_gpu pid=1868581)[0m /home/users/sajagbe2/.local/lib/python3.11/site-packages/pyscf/dft/libxc.py:511: UserWarning: Since PySCF-2.3, B3LYP (and B3P86) are changed to the VWN-RPA variant, corresponding to the original definition by Stephens et al. (issue 1480) and the same as the B3LYP functional in Gaussian. To restore the VWN5 definition, you can put the setting "B3LYP_WITH_VWN5 = True" in pyscf_conf.py
[36m(calculate_point_effect_gpu pid=1868581)[0m   warnings.warn('Since PySCF-2.3, B3LYP (and B3P86) are changed to the VWN-RPA variant, '
[36m(calculate_point_effect_gpu pid=1868580)[0m /home/users/sajagbe2/.local/lib/python3.11/site-packages/pyscf/dft/libxc.py:511: UserWarning: Since PySCF-2.3, B3LYP (and B3P86) are changed to the VWN-RPA variant, corresponding to the original definition by Stephens et al. (issue 1480) and the same as the B3LYP functional in Gaussian. To restore the VWN5 definition, you can put the setting "B3LYP_WITH_VWN5 = True" in pyscf_conf.py
[36m(calculate_point_effect_gpu pid=1868580)[0m   warnings.warn('Since PySCF-2.3, B3LYP (and B3P86) are changed to the VWN-RPA variant, '
[36m(calculate_point_effect_gpu pid=1868581)[0m Overwritten attributes  get_hcore energy_nuc  of <class 'gpu4pyscf.dft.rks.RKS'>
[36m(calculate_point_effect_gpu pid=1868581)[0m <class 'gpu4pyscf.dft.rks.RKS'> does not have attributes  spin charge basis
[36m(calculate_point_effect_gpu pid=1868580)[0m Overwritten attributes  energy_nuc get_hcore  of <class 'gpu4pyscf.dft.rks.RKS'>
[36m(calculate_point_effect_gpu pid=1868580)[0m <class 'gpu4pyscf.dft.rks.RKS'> does not have attributes  spin basis charge
[36m(calculate_point_effect_gpu pid=1868867)[0m /home/users/sajagbe2/.local/lib/python3.11/site-packages/pyscf/dft/libxc.py:511: UserWarning: Since PySCF-2.3, B3LYP (and B3P86) are changed to the VWN-RPA variant, corresponding to the original definition by Stephens et al. (issue 1480) and the same as the B3LYP functional in Gaussian. To restore the VWN5 definition, you can put the setting "B3LYP_WITH_VWN5 = True" in pyscf_conf.py[32m [repeated 2x across cluster][0m
[36m(calculate_point_effect_gpu pid=1868867)[0m   warnings.warn('Since PySCF-2.3, B3LYP (and B3P86) are changed to the VWN-RPA variant, '[32m [repeated 2x across cluster][0m
[36m(calculate_point_effect_gpu pid=1868865)[0m Overwritten attributes  get_hcore energy_nuc  of <class 'gpu4pyscf.dft.rks.RKS'>
[36m(calculate_point_effect_gpu pid=1868865)[0m <class 'gpu4pyscf.dft.rks.RKS'> does not have attributes  spin basis charge
[36m(calculate_point_effect_gpu pid=1868867)[0m Overwritten attributes  get_hcore energy_nuc  of <class 'gpu4pyscf.dft.rks.RKS'>
[36m(calculate_point_effect_gpu pid=1868867)[0m <class 'gpu4pyscf.dft.rks.RKS'> does not have attributes  spin charge basis
