/home/users/sajagbe2/.local/lib/python3.11/site-packages/ray/_private/worker.py:2052: FutureWarning: Tip: In future versions of Ray, Ray will no longer override accelerator visible devices env var if num_gpus=0 or num_gpus=None (default). To enable this behavior and turn off this error message, set RAY_ACCEL_ENV_VAR_OVERRIDE_ON_ZERO=0
  warnings.warn(
[36m(calculate_point_effect_gpu pid=1907246)[0m Overwritten attributes  get_hcore energy_nuc  of <class 'gpu4pyscf.dft.rks.RKS'>
[36m(calculate_point_effect_gpu pid=1907246)[0m <class 'gpu4pyscf.dft.rks.RKS'> does not have attributes  spin basis charge
[36m(calculate_point_effect_gpu pid=1907241)[0m <class 'gpu4pyscf.dft.rks.RKS'> does not have attributes  charge spin basis
[36m(calculate_point_effect_gpu pid=1907252)[0m Overwritten attributes  energy_nuc get_hcore  of <class 'gpu4pyscf.dft.rks.RKS'>
[36m(calculate_point_effect_gpu pid=1907252)[0m <class 'gpu4pyscf.dft.rks.RKS'> does not have attributes  spin charge basis
[36m(calculate_point_effect_gpu pid=1907240)[0m Overwritten attributes  get_hcore energy_nuc  of <class 'gpu4pyscf.dft.rks.RKS'>[32m [repeated 2x across cluster][0m
[36m(calculate_point_effect_gpu pid=1907240)[0m <class 'gpu4pyscf.dft.rks.RKS'> does not have attributes  spin basis charge
[36m(calculate_point_effect_gpu pid=1907257)[0m <class 'gpu4pyscf.dft.rks.RKS'> does not have attributes  basis charge spin
[36m(calculate_point_effect_gpu pid=1907254)[0m <class 'gpu4pyscf.dft.rks.RKS'> does not have attributes  spin basis charge
[36m(calculate_point_effect_gpu pid=1907244)[0m Overwritten attributes  get_hcore energy_nuc  of <class 'gpu4pyscf.dft.rks.RKS'>[32m [repeated 3x across cluster][0m
[36m(calculate_point_effect_gpu pid=1907244)[0m <class 'gpu4pyscf.dft.rks.RKS'> does not have attributes  spin basis charge
[36m(calculate_point_effect_gpu pid=1907251)[0m <class 'gpu4pyscf.dft.rks.RKS'> does not have attributes  basis charge spin
[36m(calculate_point_effect_gpu pid=1907268)[0m Overwritten attributes  energy_nuc get_hcore  of <class 'gpu4pyscf.dft.rks.RKS'>
[36m(calculate_point_effect_gpu pid=1907268)[0m <class 'gpu4pyscf.dft.rks.RKS'> does not have attributes  spin basis charge
[36m(calculate_point_effect_gpu pid=1907258)[0m <class 'gpu4pyscf.dft.rks.RKS'> does not have attributes  spin charge basis
[36m(calculate_point_effect_gpu pid=1907251)[0m Overwritten attributes  get_hcore energy_nuc  of <class 'gpu4pyscf.dft.rks.RKS'>
[36m(calculate_point_effect_gpu pid=1907258)[0m Overwritten attributes  energy_nuc get_hcore  of <class 'gpu4pyscf.dft.rks.RKS'>
[36m(calculate_point_effect_gpu pid=1907263)[0m Overwritten attributes  get_hcore energy_nuc  of <class 'gpu4pyscf.dft.rks.RKS'>
[36m(calculate_point_effect_gpu pid=1907263)[0m <class 'gpu4pyscf.dft.rks.RKS'> does not have attributes  spin basis charge
[36m(calculate_point_effect_gpu pid=1907250)[0m <class 'gpu4pyscf.dft.rks.RKS'> does not have attributes  basis spin charge
[36m(calculate_point_effect_gpu pid=1907264)[0m Overwritten attributes  energy_nuc get_hcore  of <class 'gpu4pyscf.dft.rks.RKS'>
[36m(calculate_point_effect_gpu pid=1907250)[0m Overwritten attributes  get_hcore energy_nuc  of <class 'gpu4pyscf.dft.rks.RKS'>
[36m(calculate_point_effect_gpu pid=1907264)[0m <class 'gpu4pyscf.dft.rks.RKS'> does not have attributes  spin basis charge
[36m(calculate_point_effect_gpu pid=1907238)[0m <class 'gpu4pyscf.dft.rks.RKS'> does not have attributes  charge basis spin
[36m(calculate_point_effect_gpu pid=1907260)[0m Overwritten attributes  get_hcore energy_nuc  of <class 'gpu4pyscf.dft.rks.RKS'>
[36m(calculate_point_effect_gpu pid=1907260)[0m <class 'gpu4pyscf.dft.rks.RKS'> does not have attributes  charge spin basis
[36m(calculate_point_effect_gpu pid=1907269)[0m <class 'gpu4pyscf.dft.rks.RKS'> does not have attributes  basis charge spin
[36m(calculate_point_effect_gpu pid=1907269)[0m Overwritten attributes  energy_nuc get_hcore  of <class 'gpu4pyscf.dft.rks.RKS'>[32m [repeated 2x across cluster][0m
[36m(calculate_point_effect_gpu pid=1907242)[0m <class 'gpu4pyscf.dft.rks.RKS'> does not have attributes  spin basis charge
[36m(calculate_point_effect_gpu pid=1907239)[0m Overwritten attributes  get_hcore energy_nuc  of <class 'gpu4pyscf.dft.rks.RKS'>
[36m(calculate_point_effect_gpu pid=1907239)[0m <class 'gpu4pyscf.dft.rks.RKS'> does not have attributes  basis spin charge
[36m(calculate_point_effect_gpu pid=1907247)[0m <class 'gpu4pyscf.dft.rks.RKS'> does not have attributes  charge spin basis
[36m(calculate_point_effect_gpu pid=1907242)[0m Overwritten attributes  energy_nuc get_hcore  of <class 'gpu4pyscf.dft.rks.RKS'>
[36m(calculate_point_effect_gpu pid=1907247)[0m Overwritten attributes  get_hcore energy_nuc  of <class 'gpu4pyscf.dft.rks.RKS'>
[36m(calculate_point_effect_gpu pid=1907243)[0m Overwritten attributes  get_hcore energy_nuc  of <class 'gpu4pyscf.dft.rks.RKS'>
[36m(calculate_point_effect_gpu pid=1907243)[0m <class 'gpu4pyscf.dft.rks.RKS'> does not have attributes  basis charge spin
[36m(calculate_point_effect_gpu pid=1907249)[0m Overwritten attributes  energy_nuc get_hcore  of <class 'gpu4pyscf.dft.rks.RKS'>
[36m(calculate_point_effect_gpu pid=1907249)[0m <class 'gpu4pyscf.dft.rks.RKS'> does not have attributes  charge spin basis[32m [repeated 2x across cluster][0m
[36m(calculate_point_effect_gpu pid=1907262)[0m Overwritten attributes  get_hcore energy_nuc  of <class 'gpu4pyscf.dft.rks.RKS'>
[36m(calculate_point_effect_gpu pid=1907245)[0m Overwritten attributes  get_hcore energy_nuc  of <class 'gpu4pyscf.dft.rks.RKS'>
[36m(calculate_point_effect_gpu pid=1907245)[0m <class 'gpu4pyscf.dft.rks.RKS'> does not have attributes  charge basis spin
[36m(calculate_point_effect_gpu pid=1907261)[0m <class 'gpu4pyscf.dft.rks.RKS'> does not have attributes  charge spin basis[32m [repeated 2x across cluster][0m
[36m(calculate_point_effect_gpu pid=1907261)[0m Overwritten attributes  get_hcore energy_nuc  of <class 'gpu4pyscf.dft.rks.RKS'>[32m [repeated 2x across cluster][0m
[36m(calculate_point_effect_gpu pid=1907256)[0m <class 'gpu4pyscf.dft.rks.RKS'> does not have attributes  spin charge basis
[36m(calculate_point_effect_gpu pid=1907255)[0m Overwritten attributes  energy_nuc get_hcore  of <class 'gpu4pyscf.dft.rks.RKS'>
[36m(calculate_point_effect_gpu pid=1907248)[0m <class 'gpu4pyscf.dft.rks.RKS'> does not have attributes  basis charge spin
[36m(calculate_point_effect_gpu pid=1907248)[0m Overwritten attributes  get_hcore energy_nuc  of <class 'gpu4pyscf.dft.rks.RKS'>[32m [repeated 2x across cluster][0m
[36m(calculate_point_effect_gpu pid=1907255)[0m <class 'gpu4pyscf.dft.rks.RKS'> does not have attributes  spin charge basis
[36m(calculate_point_effect_gpu pid=1907266)[0m <class 'gpu4pyscf.dft.rks.RKS'> does not have attributes  charge basis spin
[36m(calculate_point_effect_gpu pid=1907259)[0m Overwritten attributes  energy_nuc get_hcore  of <class 'gpu4pyscf.dft.rks.RKS'>
[36m(calculate_point_effect_gpu pid=1907259)[0m <class 'gpu4pyscf.dft.rks.RKS'> does not have attributes  charge spin basis
[36m(calculate_point_effect_gpu pid=1907265)[0m <class 'gpu4pyscf.dft.rks.RKS'> does not have attributes  basis charge spin
[36m(calculate_point_effect_gpu pid=1907266)[0m Overwritten attributes  get_hcore energy_nuc  of <class 'gpu4pyscf.dft.rks.RKS'>[32m [repeated 2x across cluster][0m
[36m(calculate_point_effect_gpu pid=1907270)[0m <class 'gpu4pyscf.dft.rks.RKS'> does not have attributes  spin basis charge
[36m(calculate_point_effect_gpu pid=1907275)[0m <class 'gpu4pyscf.dft.rks.RKS'> does not have attributes  basis charge spin
[36m(calculate_point_effect_gpu pid=1907267)[0m <class 'gpu4pyscf.dft.rks.RKS'> does not have attributes  charge basis spin
[36m(calculate_point_effect_gpu pid=1907267)[0m Overwritten attributes  energy_nuc get_hcore  of <class 'gpu4pyscf.dft.rks.RKS'>[32m [repeated 3x across cluster][0m
[36m(calculate_point_effect_gpu pid=1907271)[0m <class 'gpu4pyscf.dft.rks.RKS'> does not have attributes  basis charge spin
[36m(calculate_point_effect_gpu pid=1907272)[0m <class 'gpu4pyscf.dft.rks.RKS'> does not have attributes  spin charge basis
[36m(calculate_point_effect_gpu pid=1907274)[0m Overwritten attributes  get_hcore energy_nuc  of <class 'gpu4pyscf.dft.rks.RKS'>
[36m(calculate_point_effect_gpu pid=1907274)[0m <class 'gpu4pyscf.dft.rks.RKS'> does not have attributes  charge basis spin
[36m(calculate_point_effect_gpu pid=1907272)[0m Overwritten attributes  energy_nuc get_hcore  of <class 'gpu4pyscf.dft.rks.RKS'>[32m [repeated 2x across cluster][0m
[36m(calculate_point_effect_gpu pid=1907273)[0m <class 'gpu4pyscf.dft.rks.RKS'> does not have attributes  spin charge basis
[36m(calculate_point_effect_gpu pid=1907277)[0m <class 'gpu4pyscf.dft.rks.RKS'> does not have attributes  charge spin basis
[36m(calculate_point_effect_gpu pid=1907277)[0m Overwritten attributes  get_hcore energy_nuc  of <class 'gpu4pyscf.dft.rks.RKS'>[32m [repeated 2x across cluster][0m
[36m(calculate_point_effect_gpu pid=1907273)[0m Overwritten attributes  energy_nuc get_hcore  of <class 'gpu4pyscf.dft.rks.RKS'>
[36m(calculate_point_effect_gpu pid=1907276)[0m <class 'gpu4pyscf.dft.rks.RKS'> does not have attributes  spin charge basis
[36m(calculate_point_effect_gpu pid=1912135)[0m <class 'gpu4pyscf.dft.rks.RKS'> does not have attributes  basis charge spin
[36m(calculate_point_effect_gpu pid=1912137)[0m Overwritten attributes  energy_nuc get_hcore  of <class 'gpu4pyscf.dft.rks.RKS'>
[36m(calculate_point_effect_gpu pid=1912137)[0m <class 'gpu4pyscf.dft.rks.RKS'> does not have attributes  spin basis charge
[36m(calculate_point_effect_gpu pid=1912138)[0m <class 'gpu4pyscf.dft.rks.RKS'> does not have attributes  basis spin charge
[36m(calculate_point_effect_gpu pid=1912138)[0m Overwritten attributes  get_hcore energy_nuc  of <class 'gpu4pyscf.dft.rks.RKS'>[32m [repeated 2x across cluster][0m
[36m(calculate_point_effect_gpu pid=1912136)[0m Overwritten attributes  energy_nuc get_hcore  of <class 'gpu4pyscf.dft.rks.RKS'>
[36m(calculate_point_effect_gpu pid=1912558)[0m <class 'gpu4pyscf.dft.rks.RKS'> does not have attributes  charge basis spin
[36m(calculate_point_effect_gpu pid=1912560)[0m <class 'gpu4pyscf.dft.rks.RKS'> does not have attributes  charge spin basis
[36m(calculate_point_effect_gpu pid=1912136)[0m <class 'gpu4pyscf.dft.rks.RKS'> does not have attributes  basis spin charge
[36m(calculate_point_effect_gpu pid=1912560)[0m Overwritten attributes  get_hcore energy_nuc  of <class 'gpu4pyscf.dft.rks.RKS'>
[36m(calculate_point_effect_gpu pid=1912558)[0m Overwritten attributes  energy_nuc get_hcore  of <class 'gpu4pyscf.dft.rks.RKS'>
[36m(calculate_point_effect_gpu pid=1912559)[0m Overwritten attributes  get_hcore energy_nuc  of <class 'gpu4pyscf.dft.rks.RKS'>
[36m(calculate_point_effect_gpu pid=1912559)[0m <class 'gpu4pyscf.dft.rks.RKS'> does not have attributes  spin basis charge
[36m(calculate_point_effect_gpu pid=1912928)[0m Overwritten attributes  energy_nuc get_hcore  of <class 'gpu4pyscf.dft.rks.RKS'>
[36m(calculate_point_effect_gpu pid=1912928)[0m <class 'gpu4pyscf.dft.rks.RKS'> does not have attributes  spin charge basis
[36m(calculate_point_effect_gpu pid=1912926)[0m Overwritten attributes  get_hcore energy_nuc  of <class 'gpu4pyscf.dft.rks.RKS'>
[36m(calculate_point_effect_gpu pid=1912926)[0m <class 'gpu4pyscf.dft.rks.RKS'> does not have attributes  spin basis charge
[36m(calculate_point_effect_gpu pid=1912927)[0m Overwritten attributes  get_hcore energy_nuc  of <class 'gpu4pyscf.dft.rks.RKS'>
[36m(calculate_point_effect_gpu pid=1912927)[0m <class 'gpu4pyscf.dft.rks.RKS'> does not have attributes  spin charge basis
[36m(calculate_point_effect_gpu pid=1913295)[0m Overwritten attributes  energy_nuc get_hcore  of <class 'gpu4pyscf.dft.rks.RKS'>
[36m(calculate_point_effect_gpu pid=1913295)[0m <class 'gpu4pyscf.dft.rks.RKS'> does not have attributes  charge spin basis
[36m(calculate_point_effect_gpu pid=1913659)[0m <class 'gpu4pyscf.dft.rks.RKS'> does not have attributes  charge basis spin
[36m(calculate_point_effect_gpu pid=1913659)[0m Overwritten attributes  get_hcore energy_nuc  of <class 'gpu4pyscf.dft.rks.RKS'>
[36m(calculate_point_effect_gpu pid=1913296)[0m Overwritten attributes  get_hcore energy_nuc  of <class 'gpu4pyscf.dft.rks.RKS'>
[36m(calculate_point_effect_gpu pid=1913296)[0m <class 'gpu4pyscf.dft.rks.RKS'> does not have attributes  spin charge basis
[36m(calculate_point_effect_gpu pid=1913294)[0m <class 'gpu4pyscf.dft.rks.RKS'> does not have attributes  basis charge spin
[36m(calculate_point_effect_gpu pid=1914025)[0m <class 'gpu4pyscf.dft.rks.RKS'> does not have attributes  charge basis spin
[36m(calculate_point_effect_gpu pid=1914025)[0m Overwritten attributes  get_hcore energy_nuc  of <class 'gpu4pyscf.dft.rks.RKS'>[32m [repeated 2x across cluster][0m
[36m(calculate_point_effect_gpu pid=1913657)[0m Overwritten attributes  energy_nuc get_hcore  of <class 'gpu4pyscf.dft.rks.RKS'>
[36m(calculate_point_effect_gpu pid=1913657)[0m <class 'gpu4pyscf.dft.rks.RKS'> does not have attributes  charge spin basis
[36m(calculate_point_effect_gpu pid=1913658)[0m <class 'gpu4pyscf.dft.rks.RKS'> does not have attributes  basis charge spin
[36m(calculate_point_effect_gpu pid=1914026)[0m <class 'gpu4pyscf.dft.rks.RKS'> does not have attributes  spin charge basis
[36m(calculate_point_effect_gpu pid=1914026)[0m Overwritten attributes  get_hcore energy_nuc  of <class 'gpu4pyscf.dft.rks.RKS'>[32m [repeated 2x across cluster][0m
[36m(calculate_point_effect_gpu pid=1914027)[0m Overwritten attributes  energy_nuc get_hcore  of <class 'gpu4pyscf.dft.rks.RKS'>
[36m(calculate_point_effect_gpu pid=1914027)[0m <class 'gpu4pyscf.dft.rks.RKS'> does not have attributes  spin basis charge
[36m(calculate_point_effect_gpu pid=1914391)[0m <class 'gpu4pyscf.dft.rks.RKS'> does not have attributes  charge basis spin
[36m(calculate_point_effect_gpu pid=1914759)[0m <class 'gpu4pyscf.dft.rks.RKS'> does not have attributes  basis spin charge
[36m(calculate_point_effect_gpu pid=1914759)[0m Overwritten attributes  energy_nuc get_hcore  of <class 'gpu4pyscf.dft.rks.RKS'>[32m [repeated 2x across cluster][0m
[36m(calculate_point_effect_gpu pid=1914392)[0m Overwritten attributes  get_hcore energy_nuc  of <class 'gpu4pyscf.dft.rks.RKS'>
[36m(calculate_point_effect_gpu pid=1914392)[0m <class 'gpu4pyscf.dft.rks.RKS'> does not have attributes  basis charge spin
[36m(calculate_point_effect_gpu pid=1914390)[0m <class 'gpu4pyscf.dft.rks.RKS'> does not have attributes  spin charge basis
[36m(calculate_point_effect_gpu pid=1915120)[0m Overwritten attributes  energy_nuc get_hcore  of <class 'gpu4pyscf.dft.rks.RKS'>
[36m(calculate_point_effect_gpu pid=1914390)[0m Overwritten attributes  get_hcore energy_nuc  of <class 'gpu4pyscf.dft.rks.RKS'>
[36m(calculate_point_effect_gpu pid=1915120)[0m <class 'gpu4pyscf.dft.rks.RKS'> does not have attributes  basis charge spin
[36m(calculate_point_effect_gpu pid=1914761)[0m Overwritten attributes  energy_nuc get_hcore  of <class 'gpu4pyscf.dft.rks.RKS'>
[36m(calculate_point_effect_gpu pid=1914761)[0m <class 'gpu4pyscf.dft.rks.RKS'> does not have attributes  basis charge spin
[36m(calculate_point_effect_gpu pid=1914760)[0m Overwritten attributes  get_hcore energy_nuc  of <class 'gpu4pyscf.dft.rks.RKS'>
[36m(calculate_point_effect_gpu pid=1914760)[0m <class 'gpu4pyscf.dft.rks.RKS'> does not have attributes  charge basis spin
[36m(calculate_point_effect_gpu pid=1915119)[0m <class 'gpu4pyscf.dft.rks.RKS'> does not have attributes  basis spin charge
[36m(calculate_point_effect_gpu pid=1915119)[0m Overwritten attributes  energy_nuc get_hcore  of <class 'gpu4pyscf.dft.rks.RKS'>
[36m(calculate_point_effect_gpu pid=1915488)[0m Overwritten attributes  get_hcore energy_nuc  of <class 'gpu4pyscf.dft.rks.RKS'>
[36m(calculate_point_effect_gpu pid=1915488)[0m <class 'gpu4pyscf.dft.rks.RKS'> does not have attributes  spin basis charge
[36m(calculate_point_effect_gpu pid=1915121)[0m Overwritten attributes  energy_nuc get_hcore  of <class 'gpu4pyscf.dft.rks.RKS'>
[36m(calculate_point_effect_gpu pid=1915121)[0m <class 'gpu4pyscf.dft.rks.RKS'> does not have attributes  charge basis spin
[36m(calculate_point_effect_gpu pid=1915489)[0m <class 'gpu4pyscf.dft.rks.RKS'> does not have attributes  charge spin basis
[36m(calculate_point_effect_gpu pid=1915489)[0m Overwritten attributes  energy_nuc get_hcore  of <class 'gpu4pyscf.dft.rks.RKS'>
[36m(calculate_point_effect_gpu pid=1915853)[0m Overwritten attributes  get_hcore energy_nuc  of <class 'gpu4pyscf.dft.rks.RKS'>
[36m(calculate_point_effect_gpu pid=1915853)[0m <class 'gpu4pyscf.dft.rks.RKS'> does not have attributes  charge basis spin
[36m(calculate_point_effect_gpu pid=1915487)[0m Overwritten attributes  energy_nuc get_hcore  of <class 'gpu4pyscf.dft.rks.RKS'>
[36m(calculate_point_effect_gpu pid=1915851)[0m <class 'gpu4pyscf.dft.rks.RKS'> does not have attributes  spin charge basis
[36m(calculate_point_effect_gpu pid=1915487)[0m <class 'gpu4pyscf.dft.rks.RKS'> does not have attributes  charge basis spin
[36m(calculate_point_effect_gpu pid=1915851)[0m Overwritten attributes  energy_nuc get_hcore  of <class 'gpu4pyscf.dft.rks.RKS'>
[36m(calculate_point_effect_gpu pid=1916220)[0m Overwritten attributes  get_hcore energy_nuc  of <class 'gpu4pyscf.dft.rks.RKS'>
[36m(calculate_point_effect_gpu pid=1916220)[0m <class 'gpu4pyscf.dft.rks.RKS'> does not have attributes  charge spin basis
[36m(calculate_point_effect_gpu pid=1915852)[0m Overwritten attributes  energy_nuc get_hcore  of <class 'gpu4pyscf.dft.rks.RKS'>
[36m(calculate_point_effect_gpu pid=1916221)[0m <class 'gpu4pyscf.dft.rks.RKS'> does not have attributes  basis charge spin
[36m(calculate_point_effect_gpu pid=1915852)[0m <class 'gpu4pyscf.dft.rks.RKS'> does not have attributes  charge spin basis
[36m(calculate_point_effect_gpu pid=1916221)[0m Overwritten attributes  energy_nuc get_hcore  of <class 'gpu4pyscf.dft.rks.RKS'>
[36m(calculate_point_effect_gpu pid=1916222)[0m Overwritten attributes  get_hcore energy_nuc  of <class 'gpu4pyscf.dft.rks.RKS'>
[36m(calculate_point_effect_gpu pid=1916222)[0m <class 'gpu4pyscf.dft.rks.RKS'> does not have attributes  basis spin charge
[36m(calculate_point_effect_gpu pid=1916582)[0m Overwritten attributes  energy_nuc get_hcore  of <class 'gpu4pyscf.dft.rks.RKS'>
[36m(calculate_point_effect_gpu pid=1916583)[0m <class 'gpu4pyscf.dft.rks.RKS'> does not have attributes  spin basis charge
[36m(calculate_point_effect_gpu pid=1916583)[0m Overwritten attributes  get_hcore energy_nuc  of <class 'gpu4pyscf.dft.rks.RKS'>
[36m(calculate_point_effect_gpu pid=1916582)[0m <class 'gpu4pyscf.dft.rks.RKS'> does not have attributes  basis spin charge
[36m(calculate_point_effect_gpu pid=1916584)[0m Overwritten attributes  get_hcore energy_nuc  of <class 'gpu4pyscf.dft.rks.RKS'>
[36m(calculate_point_effect_gpu pid=1916584)[0m <class 'gpu4pyscf.dft.rks.RKS'> does not have attributes  basis spin charge
[36m(calculate_point_effect_gpu pid=1916947)[0m Overwritten attributes  energy_nuc get_hcore  of <class 'gpu4pyscf.dft.rks.RKS'>
[36m(calculate_point_effect_gpu pid=1916947)[0m <class 'gpu4pyscf.dft.rks.RKS'> does not have attributes  basis charge spin
[36m(calculate_point_effect_gpu pid=1917311)[0m <class 'gpu4pyscf.dft.rks.RKS'> does not have attributes  charge basis spin
[36m(calculate_point_effect_gpu pid=1917311)[0m Overwritten attributes  get_hcore energy_nuc  of <class 'gpu4pyscf.dft.rks.RKS'>
[36m(calculate_point_effect_gpu pid=1916949)[0m Overwritten attributes  energy_nuc get_hcore  of <class 'gpu4pyscf.dft.rks.RKS'>
[36m(calculate_point_effect_gpu pid=1916949)[0m <class 'gpu4pyscf.dft.rks.RKS'> does not have attributes  spin charge basis
[36m(calculate_point_effect_gpu pid=1916948)[0m <class 'gpu4pyscf.dft.rks.RKS'> does not have attributes  spin basis charge
[36m(calculate_point_effect_gpu pid=1917670)[0m <class 'gpu4pyscf.dft.rks.RKS'> does not have attributes  charge spin basis
[36m(calculate_point_effect_gpu pid=1917670)[0m Overwritten attributes  energy_nuc get_hcore  of <class 'gpu4pyscf.dft.rks.RKS'>[32m [repeated 2x across cluster][0m
[36m(calculate_point_effect_gpu pid=1917309)[0m <class 'gpu4pyscf.dft.rks.RKS'> does not have attributes  spin basis charge
[36m(calculate_point_effect_gpu pid=1917310)[0m Overwritten attributes  get_hcore energy_nuc  of <class 'gpu4pyscf.dft.rks.RKS'>
[36m(calculate_point_effect_gpu pid=1917310)[0m <class 'gpu4pyscf.dft.rks.RKS'> does not have attributes  spin charge basis
[36m(calculate_point_effect_gpu pid=1917671)[0m Overwritten attributes  energy_nuc get_hcore  of <class 'gpu4pyscf.dft.rks.RKS'>[32m [repeated 2x across cluster][0m
[36m(calculate_point_effect_gpu pid=1917671)[0m <class 'gpu4pyscf.dft.rks.RKS'> does not have attributes  spin charge basis
[36m(calculate_point_effect_gpu pid=1918043)[0m Overwritten attributes  get_hcore energy_nuc  of <class 'gpu4pyscf.dft.rks.RKS'>
[36m(calculate_point_effect_gpu pid=1918043)[0m <class 'gpu4pyscf.dft.rks.RKS'> does not have attributes  basis spin charge
[36m(calculate_point_effect_gpu pid=1917672)[0m <class 'gpu4pyscf.dft.rks.RKS'> does not have attributes  spin charge basis
[36m(calculate_point_effect_gpu pid=1918041)[0m <class 'gpu4pyscf.dft.rks.RKS'> does not have attributes  basis charge spin
[36m(calculate_point_effect_gpu pid=1918041)[0m Overwritten attributes  energy_nuc get_hcore  of <class 'gpu4pyscf.dft.rks.RKS'>
[36m(calculate_point_effect_gpu pid=1917672)[0m Overwritten attributes  get_hcore energy_nuc  of <class 'gpu4pyscf.dft.rks.RKS'>
[36m(calculate_point_effect_gpu pid=1918403)[0m Overwritten attributes  energy_nuc get_hcore  of <class 'gpu4pyscf.dft.rks.RKS'>
[36m(calculate_point_effect_gpu pid=1918403)[0m <class 'gpu4pyscf.dft.rks.RKS'> does not have attributes  basis spin charge
[36m(calculate_point_effect_gpu pid=1918042)[0m <class 'gpu4pyscf.dft.rks.RKS'> does not have attributes  charge basis spin
[36m(calculate_point_effect_gpu pid=1918404)[0m Overwritten attributes  get_hcore energy_nuc  of <class 'gpu4pyscf.dft.rks.RKS'>
[36m(calculate_point_effect_gpu pid=1918404)[0m <class 'gpu4pyscf.dft.rks.RKS'> does not have attributes  basis charge spin
[36m(calculate_point_effect_gpu pid=1918042)[0m Overwritten attributes  energy_nuc get_hcore  of <class 'gpu4pyscf.dft.rks.RKS'>
[36m(calculate_point_effect_gpu pid=1918769)[0m <class 'gpu4pyscf.dft.rks.RKS'> does not have attributes  charge basis spin
[36m(calculate_point_effect_gpu pid=1918405)[0m Overwritten attributes  energy_nuc get_hcore  of <class 'gpu4pyscf.dft.rks.RKS'>
[36m(calculate_point_effect_gpu pid=1918405)[0m <class 'gpu4pyscf.dft.rks.RKS'> does not have attributes  basis spin charge
[36m(calculate_point_effect_gpu pid=1919134)[0m <class 'gpu4pyscf.dft.rks.RKS'> does not have attributes  basis charge spin
[36m(calculate_point_effect_gpu pid=1918769)[0m Overwritten attributes  get_hcore energy_nuc  of <class 'gpu4pyscf.dft.rks.RKS'>
[36m(calculate_point_effect_gpu pid=1919134)[0m Overwritten attributes  energy_nuc get_hcore  of <class 'gpu4pyscf.dft.rks.RKS'>
[36m(calculate_point_effect_gpu pid=1918770)[0m Overwritten attributes  get_hcore energy_nuc  of <class 'gpu4pyscf.dft.rks.RKS'>
[36m(calculate_point_effect_gpu pid=1918770)[0m <class 'gpu4pyscf.dft.rks.RKS'> does not have attributes  charge basis spin
[36m(calculate_point_effect_gpu pid=1918771)[0m Overwritten attributes  energy_nuc get_hcore  of <class 'gpu4pyscf.dft.rks.RKS'>
[36m(calculate_point_effect_gpu pid=1919132)[0m <class 'gpu4pyscf.dft.rks.RKS'> does not have attributes  spin basis charge
[36m(calculate_point_effect_gpu pid=1919132)[0m Overwritten attributes  get_hcore energy_nuc  of <class 'gpu4pyscf.dft.rks.RKS'>
[36m(calculate_point_effect_gpu pid=1918771)[0m <class 'gpu4pyscf.dft.rks.RKS'> does not have attributes  charge basis spin
[36m(calculate_point_effect_gpu pid=1919133)[0m Overwritten attributes  get_hcore energy_nuc  of <class 'gpu4pyscf.dft.rks.RKS'>
[36m(calculate_point_effect_gpu pid=1919133)[0m <class 'gpu4pyscf.dft.rks.RKS'> does not have attributes  basis spin charge
[36m(calculate_point_effect_gpu pid=1919500)[0m Overwritten attributes  energy_nuc get_hcore  of <class 'gpu4pyscf.dft.rks.RKS'>
[36m(calculate_point_effect_gpu pid=1919863)[0m <class 'gpu4pyscf.dft.rks.RKS'> does not have attributes  spin charge basis
[36m(calculate_point_effect_gpu pid=1919500)[0m <class 'gpu4pyscf.dft.rks.RKS'> does not have attributes  spin basis charge
[36m(calculate_point_effect_gpu pid=1919863)[0m Overwritten attributes  energy_nuc get_hcore  of <class 'gpu4pyscf.dft.rks.RKS'>
[36m(calculate_point_effect_gpu pid=1919501)[0m Overwritten attributes  energy_nuc get_hcore  of <class 'gpu4pyscf.dft.rks.RKS'>
[36m(calculate_point_effect_gpu pid=1919501)[0m <class 'gpu4pyscf.dft.rks.RKS'> does not have attributes  spin basis charge
[36m(calculate_point_effect_gpu pid=1919499)[0m <class 'gpu4pyscf.dft.rks.RKS'> does not have attributes  spin charge basis
[36m(calculate_point_effect_gpu pid=1919865)[0m Overwritten attributes  energy_nuc get_hcore  of <class 'gpu4pyscf.dft.rks.RKS'>[32m [repeated 2x across cluster][0m
[36m(calculate_point_effect_gpu pid=1919865)[0m <class 'gpu4pyscf.dft.rks.RKS'> does not have attributes  spin basis charge
[36m(calculate_point_effect_gpu pid=1919864)[0m <class 'gpu4pyscf.dft.rks.RKS'> does not have attributes  charge basis spin
[36m(calculate_point_effect_gpu pid=1920233)[0m Overwritten attributes  get_hcore energy_nuc  of <class 'gpu4pyscf.dft.rks.RKS'>
[36m(calculate_point_effect_gpu pid=1920233)[0m <class 'gpu4pyscf.dft.rks.RKS'> does not have attributes  spin charge basis
[36m(calculate_point_effect_gpu pid=1919864)[0m Overwritten attributes  energy_nuc get_hcore  of <class 'gpu4pyscf.dft.rks.RKS'>
[36m(calculate_point_effect_gpu pid=1920232)[0m Overwritten attributes  get_hcore energy_nuc  of <class 'gpu4pyscf.dft.rks.RKS'>
[36m(calculate_point_effect_gpu pid=1920232)[0m <class 'gpu4pyscf.dft.rks.RKS'> does not have attributes  spin charge basis
[36m(calculate_point_effect_gpu pid=1920231)[0m Overwritten attributes  energy_nuc get_hcore  of <class 'gpu4pyscf.dft.rks.RKS'>
[36m(calculate_point_effect_gpu pid=1920231)[0m <class 'gpu4pyscf.dft.rks.RKS'> does not have attributes  charge spin basis
[36m(calculate_point_effect_gpu pid=1920599)[0m Overwritten attributes  get_hcore energy_nuc  of <class 'gpu4pyscf.dft.rks.RKS'>
[36m(calculate_point_effect_gpu pid=1920599)[0m <class 'gpu4pyscf.dft.rks.RKS'> does not have attributes  spin basis charge
[36m(calculate_point_effect_gpu pid=1920598)[0m Overwritten attributes  energy_nuc get_hcore  of <class 'gpu4pyscf.dft.rks.RKS'>
[36m(calculate_point_effect_gpu pid=1920598)[0m <class 'gpu4pyscf.dft.rks.RKS'> does not have attributes  charge spin basis
[36m(calculate_point_effect_gpu pid=1920597)[0m <class 'gpu4pyscf.dft.rks.RKS'> does not have attributes  basis spin charge
[36m(calculate_point_effect_gpu pid=1920960)[0m <class 'gpu4pyscf.dft.rks.RKS'> does not have attributes  charge basis spin
[36m(calculate_point_effect_gpu pid=1920959)[0m <class 'gpu4pyscf.dft.rks.RKS'> does not have attributes  basis charge spin
[36m(calculate_point_effect_gpu pid=1920959)[0m Overwritten attributes  get_hcore energy_nuc  of <class 'gpu4pyscf.dft.rks.RKS'>[32m [repeated 3x across cluster][0m
[36m(calculate_point_effect_gpu pid=1921326)[0m Overwritten attributes  energy_nuc get_hcore  of <class 'gpu4pyscf.dft.rks.RKS'>
[36m(calculate_point_effect_gpu pid=1921326)[0m <class 'gpu4pyscf.dft.rks.RKS'> does not have attributes  charge spin basis
[36m(calculate_point_effect_gpu pid=1921327)[0m Overwritten attributes  energy_nuc get_hcore  of <class 'gpu4pyscf.dft.rks.RKS'>[32m [repeated 2x across cluster][0m
[36m(calculate_point_effect_gpu pid=1921327)[0m <class 'gpu4pyscf.dft.rks.RKS'> does not have attributes  charge spin basis[32m [repeated 2x across cluster][0m
[36m(calculate_point_effect_gpu pid=1921325)[0m Overwritten attributes  get_hcore energy_nuc  of <class 'gpu4pyscf.dft.rks.RKS'>
[36m(calculate_point_effect_gpu pid=1921325)[0m <class 'gpu4pyscf.dft.rks.RKS'> does not have attributes  spin basis charge
[36m(calculate_point_effect_gpu pid=1921692)[0m <class 'gpu4pyscf.dft.rks.RKS'> does not have attributes  basis spin charge
[36m(calculate_point_effect_gpu pid=1921692)[0m Overwritten attributes  get_hcore energy_nuc  of <class 'gpu4pyscf.dft.rks.RKS'>[32m [repeated 2x across cluster][0m
[36m(calculate_point_effect_gpu pid=1921690)[0m <class 'gpu4pyscf.dft.rks.RKS'> does not have attributes  spin basis charge
[36m(calculate_point_effect_gpu pid=1921691)[0m Overwritten attributes  energy_nuc get_hcore  of <class 'gpu4pyscf.dft.rks.RKS'>
[36m(calculate_point_effect_gpu pid=1921691)[0m <class 'gpu4pyscf.dft.rks.RKS'> does not have attributes  charge spin basis
[36m(calculate_point_effect_gpu pid=1922093)[0m <class 'gpu4pyscf.dft.rks.RKS'> does not have attributes  charge basis spin
[36m(calculate_point_effect_gpu pid=1922094)[0m <class 'gpu4pyscf.dft.rks.RKS'> does not have attributes  spin charge basis
[36m(calculate_point_effect_gpu pid=1922094)[0m Overwritten attributes  energy_nuc get_hcore  of <class 'gpu4pyscf.dft.rks.RKS'>[32m [repeated 2x across cluster][0m
[36m(calculate_point_effect_gpu pid=1922092)[0m Overwritten attributes  get_hcore energy_nuc  of <class 'gpu4pyscf.dft.rks.RKS'>
[36m(calculate_point_effect_gpu pid=1922092)[0m <class 'gpu4pyscf.dft.rks.RKS'> does not have attributes  charge basis spin
[36m(calculate_point_effect_gpu pid=1922797)[0m <class 'gpu4pyscf.dft.rks.RKS'> does not have attributes  charge spin basis
[36m(calculate_point_effect_gpu pid=1922797)[0m Overwritten attributes  get_hcore energy_nuc  of <class 'gpu4pyscf.dft.rks.RKS'>[32m [repeated 2x across cluster][0m
[36m(calculate_point_effect_gpu pid=1922431)[0m <class 'gpu4pyscf.dft.rks.RKS'> does not have attributes  charge basis spin
[36m(calculate_point_effect_gpu pid=1922432)[0m Overwritten attributes  energy_nuc get_hcore  of <class 'gpu4pyscf.dft.rks.RKS'>
[36m(calculate_point_effect_gpu pid=1922432)[0m <class 'gpu4pyscf.dft.rks.RKS'> does not have attributes  charge basis spin
[36m(calculate_point_effect_gpu pid=1922798)[0m <class 'gpu4pyscf.dft.rks.RKS'> does not have attributes  spin basis charge
[36m(calculate_point_effect_gpu pid=1922798)[0m Overwritten attributes  energy_nuc get_hcore  of <class 'gpu4pyscf.dft.rks.RKS'>[32m [repeated 2x across cluster][0m
[36m(calculate_point_effect_gpu pid=1922433)[0m <class 'gpu4pyscf.dft.rks.RKS'> does not have attributes  charge basis spin
[36m(calculate_point_effect_gpu pid=1922799)[0m <class 'gpu4pyscf.dft.rks.RKS'> does not have attributes  basis charge spin
[36m(calculate_point_effect_gpu pid=1923164)[0m Overwritten attributes  get_hcore energy_nuc  of <class 'gpu4pyscf.dft.rks.RKS'>
[36m(calculate_point_effect_gpu pid=1923528)[0m <class 'gpu4pyscf.dft.rks.RKS'> does not have attributes  basis spin charge
[36m(calculate_point_effect_gpu pid=1922799)[0m Overwritten attributes  energy_nuc get_hcore  of <class 'gpu4pyscf.dft.rks.RKS'>
[36m(calculate_point_effect_gpu pid=1923164)[0m <class 'gpu4pyscf.dft.rks.RKS'> does not have attributes  basis charge spin
[36m(calculate_point_effect_gpu pid=1923528)[0m Overwritten attributes  get_hcore energy_nuc  of <class 'gpu4pyscf.dft.rks.RKS'>
[36m(calculate_point_effect_gpu pid=1923163)[0m Overwritten attributes  energy_nuc get_hcore  of <class 'gpu4pyscf.dft.rks.RKS'>
[36m(calculate_point_effect_gpu pid=1923163)[0m <class 'gpu4pyscf.dft.rks.RKS'> does not have attributes  charge spin basis
[36m(calculate_point_effect_gpu pid=1923162)[0m Overwritten attributes  get_hcore energy_nuc  of <class 'gpu4pyscf.dft.rks.RKS'>
[36m(calculate_point_effect_gpu pid=1923530)[0m <class 'gpu4pyscf.dft.rks.RKS'> does not have attributes  basis charge spin
[36m(calculate_point_effect_gpu pid=1923530)[0m Overwritten attributes  energy_nuc get_hcore  of <class 'gpu4pyscf.dft.rks.RKS'>
[36m(calculate_point_effect_gpu pid=1923162)[0m <class 'gpu4pyscf.dft.rks.RKS'> does not have attributes  charge spin basis
[36m(calculate_point_effect_gpu pid=1923896)[0m Overwritten attributes  energy_nuc get_hcore  of <class 'gpu4pyscf.dft.rks.RKS'>
[36m(calculate_point_effect_gpu pid=1923896)[0m <class 'gpu4pyscf.dft.rks.RKS'> does not have attributes  spin charge basis
[36m(calculate_point_effect_gpu pid=1923895)[0m <class 'gpu4pyscf.dft.rks.RKS'> does not have attributes  charge spin basis
[36m(calculate_point_effect_gpu pid=1923529)[0m <class 'gpu4pyscf.dft.rks.RKS'> does not have attributes  basis charge spin
[36m(calculate_point_effect_gpu pid=1923895)[0m Overwritten attributes  energy_nuc get_hcore  of <class 'gpu4pyscf.dft.rks.RKS'>[32m [repeated 2x across cluster][0m
[36m(calculate_point_effect_gpu pid=1924255)[0m Overwritten attributes  get_hcore energy_nuc  of <class 'gpu4pyscf.dft.rks.RKS'>
[36m(calculate_point_effect_gpu pid=1924255)[0m <class 'gpu4pyscf.dft.rks.RKS'> does not have attributes  spin charge basis
[36m(calculate_point_effect_gpu pid=1923897)[0m <class 'gpu4pyscf.dft.rks.RKS'> does not have attributes  basis charge spin
[36m(calculate_point_effect_gpu pid=1924630)[0m Overwritten attributes  get_hcore energy_nuc  of <class 'gpu4pyscf.dft.rks.RKS'>[32m [repeated 2x across cluster][0m
[36m(calculate_point_effect_gpu pid=1924630)[0m <class 'gpu4pyscf.dft.rks.RKS'> does not have attributes  spin charge basis
[36m(calculate_point_effect_gpu pid=1924256)[0m Overwritten attributes  energy_nuc get_hcore  of <class 'gpu4pyscf.dft.rks.RKS'>
[36m(calculate_point_effect_gpu pid=1924256)[0m <class 'gpu4pyscf.dft.rks.RKS'> does not have attributes  charge basis spin
[36m(calculate_point_effect_gpu pid=1924257)[0m <class 'gpu4pyscf.dft.rks.RKS'> does not have attributes  basis spin charge
[36m(calculate_point_effect_gpu pid=1924629)[0m <class 'gpu4pyscf.dft.rks.RKS'> does not have attributes  basis charge spin
[36m(calculate_point_effect_gpu pid=1924257)[0m Overwritten attributes  get_hcore energy_nuc  of <class 'gpu4pyscf.dft.rks.RKS'>
[36m(calculate_point_effect_gpu pid=1924629)[0m Overwritten attributes  energy_nuc get_hcore  of <class 'gpu4pyscf.dft.rks.RKS'>
[36m(calculate_point_effect_gpu pid=1924992)[0m Overwritten attributes  energy_nuc get_hcore  of <class 'gpu4pyscf.dft.rks.RKS'>
[36m(calculate_point_effect_gpu pid=1924631)[0m Overwritten attributes  get_hcore energy_nuc  of <class 'gpu4pyscf.dft.rks.RKS'>
[36m(calculate_point_effect_gpu pid=1924631)[0m <class 'gpu4pyscf.dft.rks.RKS'> does not have attributes  spin basis charge
[36m(calculate_point_effect_gpu pid=1924992)[0m <class 'gpu4pyscf.dft.rks.RKS'> does not have attributes  basis charge spin
[36m(calculate_point_effect_gpu pid=1924991)[0m Overwritten attributes  energy_nuc get_hcore  of <class 'gpu4pyscf.dft.rks.RKS'>
[36m(calculate_point_effect_gpu pid=1924991)[0m <class 'gpu4pyscf.dft.rks.RKS'> does not have attributes  spin basis charge
[36m(calculate_point_effect_gpu pid=1925361)[0m Overwritten attributes  get_hcore energy_nuc  of <class 'gpu4pyscf.dft.rks.RKS'>
[36m(calculate_point_effect_gpu pid=1925361)[0m <class 'gpu4pyscf.dft.rks.RKS'> does not have attributes  charge spin basis
[36m(calculate_point_effect_gpu pid=1924990)[0m Overwritten attributes  energy_nuc get_hcore  of <class 'gpu4pyscf.dft.rks.RKS'>
[36m(calculate_point_effect_gpu pid=1924990)[0m <class 'gpu4pyscf.dft.rks.RKS'> does not have attributes  spin basis charge
[36m(calculate_point_effect_gpu pid=1925360)[0m <class 'gpu4pyscf.dft.rks.RKS'> does not have attributes  basis spin charge
[36m(calculate_point_effect_gpu pid=1925360)[0m Overwritten attributes  energy_nuc get_hcore  of <class 'gpu4pyscf.dft.rks.RKS'>
[36m(calculate_point_effect_gpu pid=1925362)[0m Overwritten attributes  get_hcore energy_nuc  of <class 'gpu4pyscf.dft.rks.RKS'>
[36m(calculate_point_effect_gpu pid=1925362)[0m <class 'gpu4pyscf.dft.rks.RKS'> does not have attributes  spin basis charge
[36m(calculate_point_effect_gpu pid=1925722)[0m Overwritten attributes  energy_nuc get_hcore  of <class 'gpu4pyscf.dft.rks.RKS'>
[36m(calculate_point_effect_gpu pid=1926097)[0m <class 'gpu4pyscf.dft.rks.RKS'> does not have attributes  charge spin basis
[36m(calculate_point_effect_gpu pid=1925722)[0m <class 'gpu4pyscf.dft.rks.RKS'> does not have attributes  basis spin charge
[36m(calculate_point_effect_gpu pid=1926097)[0m Overwritten attributes  energy_nuc get_hcore  of <class 'gpu4pyscf.dft.rks.RKS'>
[36m(calculate_point_effect_gpu pid=1925724)[0m Overwritten attributes  energy_nuc get_hcore  of <class 'gpu4pyscf.dft.rks.RKS'>
[36m(calculate_point_effect_gpu pid=1925723)[0m <class 'gpu4pyscf.dft.rks.RKS'> does not have attributes  basis spin charge
[36m(calculate_point_effect_gpu pid=1926096)[0m Overwritten attributes  get_hcore energy_nuc  of <class 'gpu4pyscf.dft.rks.RKS'>
[36m(calculate_point_effect_gpu pid=1926096)[0m <class 'gpu4pyscf.dft.rks.RKS'> does not have attributes  charge spin basis[32m [repeated 2x across cluster][0m
[36m(calculate_point_effect_gpu pid=1925723)[0m Overwritten attributes  energy_nuc get_hcore  of <class 'gpu4pyscf.dft.rks.RKS'>
[36m(calculate_point_effect_gpu pid=1926098)[0m <class 'gpu4pyscf.dft.rks.RKS'> does not have attributes  basis spin charge
[36m(calculate_point_effect_gpu pid=1926465)[0m <class 'gpu4pyscf.dft.rks.RKS'> does not have attributes  spin charge basis
[36m(calculate_point_effect_gpu pid=1926467)[0m <class 'gpu4pyscf.dft.rks.RKS'> does not have attributes  charge basis spin
[36m(calculate_point_effect_gpu pid=1926467)[0m Overwritten attributes  get_hcore energy_nuc  of <class 'gpu4pyscf.dft.rks.RKS'>[32m [repeated 3x across cluster][0m
[36m(calculate_point_effect_gpu pid=1926861)[0m <class 'gpu4pyscf.dft.rks.RKS'> does not have attributes  spin charge basis
[36m(calculate_point_effect_gpu pid=1926863)[0m Overwritten attributes  energy_nuc get_hcore  of <class 'gpu4pyscf.dft.rks.RKS'>
[36m(calculate_point_effect_gpu pid=1926863)[0m <class 'gpu4pyscf.dft.rks.RKS'> does not have attributes  charge spin basis
[36m(calculate_point_effect_gpu pid=1926466)[0m <class 'gpu4pyscf.dft.rks.RKS'> does not have attributes  charge basis spin
[36m(calculate_point_effect_gpu pid=1926861)[0m Overwritten attributes  get_hcore energy_nuc  of <class 'gpu4pyscf.dft.rks.RKS'>[32m [repeated 2x across cluster][0m
[36m(calculate_point_effect_gpu pid=1927239)[0m <class 'gpu4pyscf.dft.rks.RKS'> does not have attributes  basis charge spin
[36m(calculate_point_effect_gpu pid=1926862)[0m <class 'gpu4pyscf.dft.rks.RKS'> does not have attributes  charge basis spin
[36m(calculate_point_effect_gpu pid=1927241)[0m Overwritten attributes  get_hcore energy_nuc  of <class 'gpu4pyscf.dft.rks.RKS'>[32m [repeated 3x across cluster][0m
[36m(calculate_point_effect_gpu pid=1927241)[0m <class 'gpu4pyscf.dft.rks.RKS'> does not have attributes  basis charge spin
[36m(calculate_point_effect_gpu pid=1927240)[0m <class 'gpu4pyscf.dft.rks.RKS'> does not have attributes  charge basis spin
[36m(calculate_point_effect_gpu pid=1927629)[0m <class 'gpu4pyscf.dft.rks.RKS'> does not have attributes  spin basis charge
[36m(calculate_point_effect_gpu pid=1927627)[0m Overwritten attributes  energy_nuc get_hcore  of <class 'gpu4pyscf.dft.rks.RKS'>
[36m(calculate_point_effect_gpu pid=1927629)[0m Overwritten attributes  get_hcore energy_nuc  of <class 'gpu4pyscf.dft.rks.RKS'>[32m [repeated 2x across cluster][0m
[36m(calculate_point_effect_gpu pid=1927627)[0m <class 'gpu4pyscf.dft.rks.RKS'> does not have attributes  spin basis charge
[36m(calculate_point_effect_gpu pid=1927628)[0m <class 'gpu4pyscf.dft.rks.RKS'> does not have attributes  charge spin basis
[36m(calculate_point_effect_gpu pid=1927999)[0m <class 'gpu4pyscf.dft.rks.RKS'> does not have attributes  basis charge spin
[36m(calculate_point_effect_gpu pid=1927999)[0m Overwritten attributes  energy_nuc get_hcore  of <class 'gpu4pyscf.dft.rks.RKS'>
[36m(calculate_point_effect_gpu pid=1928382)[0m Overwritten attributes  get_hcore energy_nuc  of <class 'gpu4pyscf.dft.rks.RKS'>[32m [repeated 2x across cluster][0m
[36m(calculate_point_effect_gpu pid=1928382)[0m <class 'gpu4pyscf.dft.rks.RKS'> does not have attributes  charge spin basis
[36m(calculate_point_effect_gpu pid=1928000)[0m <class 'gpu4pyscf.dft.rks.RKS'> does not have attributes  spin basis charge
[36m(calculate_point_effect_gpu pid=1928773)[0m <class 'gpu4pyscf.dft.rks.RKS'> does not have attributes  spin charge basis
[36m(calculate_point_effect_gpu pid=1928773)[0m Overwritten attributes  get_hcore energy_nuc  of <class 'gpu4pyscf.dft.rks.RKS'>[32m [repeated 3x across cluster][0m
[36m(calculate_point_effect_gpu pid=1927998)[0m <class 'gpu4pyscf.dft.rks.RKS'> does not have attributes  spin basis charge
[36m(calculate_point_effect_gpu pid=1928381)[0m Overwritten attributes  energy_nuc get_hcore  of <class 'gpu4pyscf.dft.rks.RKS'>
[36m(calculate_point_effect_gpu pid=1928381)[0m <class 'gpu4pyscf.dft.rks.RKS'> does not have attributes  charge spin basis
[36m(calculate_point_effect_gpu pid=1928383)[0m <class 'gpu4pyscf.dft.rks.RKS'> does not have attributes  charge basis spin
[36m(calculate_point_effect_gpu pid=1928771)[0m <class 'gpu4pyscf.dft.rks.RKS'> does not have attributes  spin charge basis
[36m(calculate_point_effect_gpu pid=1928771)[0m Overwritten attributes  energy_nuc get_hcore  of <class 'gpu4pyscf.dft.rks.RKS'>[32m [repeated 2x across cluster][0m
[36m(calculate_point_effect_gpu pid=1928772)[0m <class 'gpu4pyscf.dft.rks.RKS'> does not have attributes  charge basis spin
[36m(calculate_point_effect_gpu pid=1929157)[0m Overwritten attributes  energy_nuc get_hcore  of <class 'gpu4pyscf.dft.rks.RKS'>[32m [repeated 3x across cluster][0m
[36m(calculate_point_effect_gpu pid=1929157)[0m <class 'gpu4pyscf.dft.rks.RKS'> does not have attributes  charge basis spin[32m [repeated 2x across cluster][0m
[36m(calculate_point_effect_gpu pid=1929536)[0m Overwritten attributes  get_hcore energy_nuc  of <class 'gpu4pyscf.dft.rks.RKS'>
[36m(calculate_point_effect_gpu pid=1929536)[0m <class 'gpu4pyscf.dft.rks.RKS'> does not have attributes  basis spin charge
[36m(calculate_point_effect_gpu pid=1929158)[0m Overwritten attributes  energy_nuc get_hcore  of <class 'gpu4pyscf.dft.rks.RKS'>
[36m(calculate_point_effect_gpu pid=1929158)[0m <class 'gpu4pyscf.dft.rks.RKS'> does not have attributes  charge basis spin
[36m(calculate_point_effect_gpu pid=1929534)[0m Overwritten attributes  get_hcore energy_nuc  of <class 'gpu4pyscf.dft.rks.RKS'>
[36m(calculate_point_effect_gpu pid=1929534)[0m <class 'gpu4pyscf.dft.rks.RKS'> does not have attributes  basis spin charge
[36m(calculate_point_effect_gpu pid=1929919)[0m Overwritten attributes  get_hcore energy_nuc  of <class 'gpu4pyscf.dft.rks.RKS'>
[36m(calculate_point_effect_gpu pid=1929919)[0m <class 'gpu4pyscf.dft.rks.RKS'> does not have attributes  basis spin charge
[36m(calculate_point_effect_gpu pid=1929535)[0m <class 'gpu4pyscf.dft.rks.RKS'> does not have attributes  charge basis spin
[36m(calculate_point_effect_gpu pid=1929921)[0m <class 'gpu4pyscf.dft.rks.RKS'> does not have attributes  spin charge basis
[36m(calculate_point_effect_gpu pid=1929921)[0m Overwritten attributes  get_hcore energy_nuc  of <class 'gpu4pyscf.dft.rks.RKS'>[32m [repeated 2x across cluster][0m
[36m(calculate_point_effect_gpu pid=1929920)[0m <class 'gpu4pyscf.dft.rks.RKS'> does not have attributes  basis spin charge
[36m(calculate_point_effect_gpu pid=1930333)[0m Overwritten attributes  energy_nuc get_hcore  of <class 'gpu4pyscf.dft.rks.RKS'>
[36m(calculate_point_effect_gpu pid=1930334)[0m <class 'gpu4pyscf.dft.rks.RKS'> does not have attributes  charge spin basis
[36m(calculate_point_effect_gpu pid=1930333)[0m <class 'gpu4pyscf.dft.rks.RKS'> does not have attributes  spin charge basis
[36m(calculate_point_effect_gpu pid=1929920)[0m Overwritten attributes  get_hcore energy_nuc  of <class 'gpu4pyscf.dft.rks.RKS'>
[36m(calculate_point_effect_gpu pid=1930334)[0m Overwritten attributes  energy_nuc get_hcore  of <class 'gpu4pyscf.dft.rks.RKS'>
[36m(calculate_point_effect_gpu pid=1930335)[0m Overwritten attributes  energy_nuc get_hcore  of <class 'gpu4pyscf.dft.rks.RKS'>
[36m(calculate_point_effect_gpu pid=1930335)[0m <class 'gpu4pyscf.dft.rks.RKS'> does not have attributes  basis spin charge
[36m(calculate_point_effect_gpu pid=1930711)[0m <class 'gpu4pyscf.dft.rks.RKS'> does not have attributes  spin basis charge
[36m(calculate_point_effect_gpu pid=1930712)[0m <class 'gpu4pyscf.dft.rks.RKS'> does not have attributes  spin charge basis
[36m(calculate_point_effect_gpu pid=1930712)[0m Overwritten attributes  energy_nuc get_hcore  of <class 'gpu4pyscf.dft.rks.RKS'>[32m [repeated 2x across cluster][0m
[36m(calculate_point_effect_gpu pid=1931096)[0m Overwritten attributes  get_hcore energy_nuc  of <class 'gpu4pyscf.dft.rks.RKS'>
[36m(calculate_point_effect_gpu pid=1931096)[0m <class 'gpu4pyscf.dft.rks.RKS'> does not have attributes  basis charge spin
[36m(calculate_point_effect_gpu pid=1930713)[0m <class 'gpu4pyscf.dft.rks.RKS'> does not have attributes  basis spin charge
[36m(calculate_point_effect_gpu pid=1931098)[0m <class 'gpu4pyscf.dft.rks.RKS'> does not have attributes  spin basis charge
[36m(calculate_point_effect_gpu pid=1931098)[0m Overwritten attributes  get_hcore energy_nuc  of <class 'gpu4pyscf.dft.rks.RKS'>[32m [repeated 2x across cluster][0m
[36m(calculate_point_effect_gpu pid=1931476)[0m <class 'gpu4pyscf.dft.rks.RKS'> does not have attributes  charge basis spin
[36m(calculate_point_effect_gpu pid=1931097)[0m <class 'gpu4pyscf.dft.rks.RKS'> does not have attributes  basis charge spin
[36m(calculate_point_effect_gpu pid=1931478)[0m Overwritten attributes  get_hcore energy_nuc  of <class 'gpu4pyscf.dft.rks.RKS'>[32m [repeated 3x across cluster][0m
[36m(calculate_point_effect_gpu pid=1931478)[0m <class 'gpu4pyscf.dft.rks.RKS'> does not have attributes  basis charge spin
[36m(calculate_point_effect_gpu pid=1931865)[0m Overwritten attributes  energy_nuc get_hcore  of <class 'gpu4pyscf.dft.rks.RKS'>
[36m(calculate_point_effect_gpu pid=1931865)[0m <class 'gpu4pyscf.dft.rks.RKS'> does not have attributes  basis spin charge
[36m(calculate_point_effect_gpu pid=1931866)[0m <class 'gpu4pyscf.dft.rks.RKS'> does not have attributes  charge basis spin
[36m(calculate_point_effect_gpu pid=1931866)[0m Overwritten attributes  energy_nuc get_hcore  of <class 'gpu4pyscf.dft.rks.RKS'>[32m [repeated 2x across cluster][0m
[36m(calculate_point_effect_gpu pid=1931477)[0m <class 'gpu4pyscf.dft.rks.RKS'> does not have attributes  basis spin charge
[36m(calculate_point_effect_gpu pid=1932248)[0m Overwritten attributes  get_hcore energy_nuc  of <class 'gpu4pyscf.dft.rks.RKS'>
[36m(calculate_point_effect_gpu pid=1932248)[0m <class 'gpu4pyscf.dft.rks.RKS'> does not have attributes  basis spin charge
[36m(calculate_point_effect_gpu pid=1931864)[0m <class 'gpu4pyscf.dft.rks.RKS'> does not have attributes  spin charge basis
[36m(calculate_point_effect_gpu pid=1932250)[0m <class 'gpu4pyscf.dft.rks.RKS'> does not have attributes  basis charge spin
[36m(calculate_point_effect_gpu pid=1931864)[0m Overwritten attributes  energy_nuc get_hcore  of <class 'gpu4pyscf.dft.rks.RKS'>
[36m(calculate_point_effect_gpu pid=1932250)[0m Overwritten attributes  get_hcore energy_nuc  of <class 'gpu4pyscf.dft.rks.RKS'>
[36m(calculate_point_effect_gpu pid=1932627)[0m Overwritten attributes  get_hcore energy_nuc  of <class 'gpu4pyscf.dft.rks.RKS'>
[36m(calculate_point_effect_gpu pid=1932627)[0m <class 'gpu4pyscf.dft.rks.RKS'> does not have attributes  charge spin basis
[36m(calculate_point_effect_gpu pid=1932249)[0m Overwritten attributes  energy_nuc get_hcore  of <class 'gpu4pyscf.dft.rks.RKS'>
[36m(calculate_point_effect_gpu pid=1932629)[0m <class 'gpu4pyscf.dft.rks.RKS'> does not have attributes  spin charge basis
[36m(calculate_point_effect_gpu pid=1932249)[0m <class 'gpu4pyscf.dft.rks.RKS'> does not have attributes  basis charge spin
[36m(calculate_point_effect_gpu pid=1932629)[0m Overwritten attributes  get_hcore energy_nuc  of <class 'gpu4pyscf.dft.rks.RKS'>
[36m(calculate_point_effect_gpu pid=1932628)[0m Overwritten attributes  get_hcore energy_nuc  of <class 'gpu4pyscf.dft.rks.RKS'>
[36m(calculate_point_effect_gpu pid=1932628)[0m <class 'gpu4pyscf.dft.rks.RKS'> does not have attributes  charge spin basis
[36m(calculate_point_effect_gpu pid=1933010)[0m Overwritten attributes  energy_nuc get_hcore  of <class 'gpu4pyscf.dft.rks.RKS'>
[36m(calculate_point_effect_gpu pid=1933010)[0m <class 'gpu4pyscf.dft.rks.RKS'> does not have attributes  spin charge basis[32m [repeated 2x across cluster][0m
[36m(calculate_point_effect_gpu pid=1933009)[0m Overwritten attributes  get_hcore energy_nuc  of <class 'gpu4pyscf.dft.rks.RKS'>
[36m(calculate_point_effect_gpu pid=1933392)[0m Overwritten attributes  get_hcore energy_nuc  of <class 'gpu4pyscf.dft.rks.RKS'>
[36m(calculate_point_effect_gpu pid=1933392)[0m <class 'gpu4pyscf.dft.rks.RKS'> does not have attributes  spin basis charge
[36m(calculate_point_effect_gpu pid=1933008)[0m <class 'gpu4pyscf.dft.rks.RKS'> does not have attributes  basis charge spin
[36m(calculate_point_effect_gpu pid=1933391)[0m <class 'gpu4pyscf.dft.rks.RKS'> does not have attributes  spin charge basis
[36m(calculate_point_effect_gpu pid=1933391)[0m Overwritten attributes  get_hcore energy_nuc  of <class 'gpu4pyscf.dft.rks.RKS'>[32m [repeated 2x across cluster][0m
[36m(calculate_point_effect_gpu pid=1933390)[0m <class 'gpu4pyscf.dft.rks.RKS'> does not have attributes  charge basis spin
[36m(calculate_point_effect_gpu pid=1933831)[0m <class 'gpu4pyscf.dft.rks.RKS'> does not have attributes  basis spin charge
[36m(calculate_point_effect_gpu pid=1933831)[0m Overwritten attributes  get_hcore energy_nuc  of <class 'gpu4pyscf.dft.rks.RKS'>[32m [repeated 3x across cluster][0m
[36m(calculate_point_effect_gpu pid=1933389)[0m <class 'gpu4pyscf.dft.rks.RKS'> does not have attributes  charge basis spin
[36m(calculate_point_effect_gpu pid=1934100)[0m <class 'gpu4pyscf.dft.rks.RKS'> does not have attributes  spin basis charge
[36m(calculate_point_effect_gpu pid=1934102)[0m Overwritten attributes  energy_nuc get_hcore  of <class 'gpu4pyscf.dft.rks.RKS'>
[36m(calculate_point_effect_gpu pid=1934101)[0m <class 'gpu4pyscf.dft.rks.RKS'> does not have attributes  charge basis spin
[36m(calculate_point_effect_gpu pid=1934102)[0m <class 'gpu4pyscf.dft.rks.RKS'> does not have attributes  basis spin charge
[36m(calculate_point_effect_gpu pid=1934100)[0m Overwritten attributes  get_hcore energy_nuc  of <class 'gpu4pyscf.dft.rks.RKS'>
[36m(calculate_point_effect_gpu pid=1934101)[0m Overwritten attributes  energy_nuc get_hcore  of <class 'gpu4pyscf.dft.rks.RKS'>
[36m(calculate_point_effect_gpu pid=1934541)[0m Overwritten attributes  get_hcore energy_nuc  of <class 'gpu4pyscf.dft.rks.RKS'>
[36m(calculate_point_effect_gpu pid=1934099)[0m <class 'gpu4pyscf.dft.rks.RKS'> does not have attributes  charge spin basis
[36m(calculate_point_effect_gpu pid=1934541)[0m <class 'gpu4pyscf.dft.rks.RKS'> does not have attributes  charge basis spin
[36m(calculate_point_effect_gpu pid=1934542)[0m Overwritten attributes  get_hcore energy_nuc  of <class 'gpu4pyscf.dft.rks.RKS'>[32m [repeated 2x across cluster][0m
[36m(calculate_point_effect_gpu pid=1934542)[0m <class 'gpu4pyscf.dft.rks.RKS'> does not have attributes  charge spin basis
[36m(calculate_point_effect_gpu pid=1934540)[0m <class 'gpu4pyscf.dft.rks.RKS'> does not have attributes  charge basis spin
[36m(calculate_point_effect_gpu pid=1934540)[0m Overwritten attributes  get_hcore energy_nuc  of <class 'gpu4pyscf.dft.rks.RKS'>
